2025-09-12 09:49:24,245 - DEBUG - asyncio - selector_events:64 - Using selector: KqueueSelector
2025-09-12 09:50:14,354 - DEBUG - asyncio - selector_events:64 - Using selector: KqueueSelector
2025-09-12 09:50:17,462 - DEBUG - asyncio - selector_events:64 - Using selector: KqueueSelector
2025-09-12 09:50:19,631 - DEBUG - asyncio - selector_events:64 - Using selector: KqueueSelector
2025-09-12 09:50:23,155 - DEBUG - asyncio - selector_events:64 - Using selector: KqueueSelector
2025-09-12 09:50:26,499 - DEBUG - asyncio - selector_events:64 - Using selector: KqueueSelector
2025-09-12 09:50:28,555 - DEBUG - asyncio - selector_events:64 - Using selector: KqueueSelector
2025-09-12 09:50:47,608 - DEBUG - asyncio - selector_events:64 - Using selector: KqueueSelector
2025-09-12 09:50:52,083 - DEBUG - asyncio - selector_events:64 - Using selector: KqueueSelector
2025-09-12 09:50:58,273 - DEBUG - asyncio - selector_events:64 - Using selector: KqueueSelector
2025-09-12 09:51:03,100 - DEBUG - asyncio - selector_events:64 - Using selector: KqueueSelector
2025-09-12 09:51:13,930 - DEBUG - asyncio - selector_events:64 - Using selector: KqueueSelector
2025-09-12 09:51:27,216 - DEBUG - asyncio - selector_events:64 - Using selector: KqueueSelector
2025-09-12 09:51:30,947 - DEBUG - asyncio - selector_events:64 - Using selector: KqueueSelector
2025-09-12 09:51:44,069 - DEBUG - asyncio - selector_events:64 - Using selector: KqueueSelector
2025-09-12 09:51:52,915 - DEBUG - asyncio - selector_events:64 - Using selector: KqueueSelector
2025-09-12 09:51:54,347 - DEBUG - asyncio - selector_events:64 - Using selector: KqueueSelector
2025-09-12 09:51:59,739 - DEBUG - asyncio - selector_events:64 - Using selector: KqueueSelector
2025-09-12 09:52:06,897 - DEBUG - asyncio - selector_events:64 - Using selector: KqueueSelector
2025-09-12 09:52:18,902 - DEBUG - asyncio - selector_events:64 - Using selector: KqueueSelector
2025-09-12 09:52:33,545 - DEBUG - asyncio - selector_events:64 - Using selector: KqueueSelector
2025-09-12 09:52:39,716 - DEBUG - asyncio - selector_events:64 - Using selector: KqueueSelector
2025-09-12 09:52:41,192 - DEBUG - asyncio - selector_events:64 - Using selector: KqueueSelector
2025-09-12 09:55:39,089 - DEBUG - asyncio - selector_events:64 - Using selector: KqueueSelector
2025-09-12 09:55:52,632 - DEBUG - asyncio - selector_events:64 - Using selector: KqueueSelector
2025-09-12 09:55:56,138 - DEBUG - asyncio - selector_events:64 - Using selector: KqueueSelector
2025-09-12 09:56:04,294 - DEBUG - asyncio - selector_events:64 - Using selector: KqueueSelector
2025-09-12 09:56:14,484 - DEBUG - asyncio - selector_events:64 - Using selector: KqueueSelector
2025-09-12 09:56:16,036 - DEBUG - asyncio - selector_events:64 - Using selector: KqueueSelector
2025-09-12 09:56:21,107 - DEBUG - asyncio - selector_events:64 - Using selector: KqueueSelector
2025-09-12 09:56:23,836 - DEBUG - asyncio - selector_events:64 - Using selector: KqueueSelector
2025-09-12 09:56:26,541 - DEBUG - asyncio - selector_events:64 - Using selector: KqueueSelector
2025-09-12 09:56:30,388 - DEBUG - asyncio - selector_events:64 - Using selector: KqueueSelector
2025-09-12 10:00:11,418 - DEBUG - asyncio - selector_events:64 - Using selector: KqueueSelector
2025-09-12 10:00:14,933 - DEBUG - asyncio - selector_events:64 - Using selector: KqueueSelector
2025-09-12 10:00:20,988 - DEBUG - asyncio - selector_events:64 - Using selector: KqueueSelector
2025-09-12 10:00:25,929 - DEBUG - asyncio - selector_events:64 - Using selector: KqueueSelector
2025-09-12 10:15:31,191 - DEBUG - asyncio - selector_events:64 - Using selector: KqueueSelector
2025-09-12 10:25:53,954 - DEBUG - asyncio - selector_events:64 - Using selector: KqueueSelector
2025-09-12 10:26:29,976 - DEBUG - asyncio - selector_events:64 - Using selector: KqueueSelector
2025-09-12 10:26:31,180 - DEBUG - asyncio - selector_events:64 - Using selector: KqueueSelector
2025-09-12 10:26:40,581 - DEBUG - asyncio - selector_events:64 - Using selector: KqueueSelector
2025-09-12 10:28:04,833 - DEBUG - asyncio - selector_events:64 - Using selector: KqueueSelector
2025-09-12 10:29:11,219 - DEBUG - asyncio - selector_events:64 - Using selector: KqueueSelector
2025-09-12 10:29:59,267 - DEBUG - asyncio - selector_events:64 - Using selector: KqueueSelector
2025-09-12 10:32:36,007 - DEBUG - asyncio - selector_events:64 - Using selector: KqueueSelector
2025-09-12 10:34:15,013 - DEBUG - asyncio - selector_events:64 - Using selector: KqueueSelector
2025-09-12 10:34:26,522 - DEBUG - asyncio - selector_events:64 - Using selector: KqueueSelector
2025-09-12 10:34:31,436 - DEBUG - asyncio - selector_events:64 - Using selector: KqueueSelector
2025-09-12 10:34:33,062 - DEBUG - asyncio - selector_events:64 - Using selector: KqueueSelector
2025-09-12 10:34:35,758 - DEBUG - asyncio - selector_events:64 - Using selector: KqueueSelector
2025-09-12 10:34:59,679 - DEBUG - asyncio - selector_events:64 - Using selector: KqueueSelector
2025-09-12 10:35:00,952 - DEBUG - asyncio - selector_events:64 - Using selector: KqueueSelector
2025-09-12 10:35:04,786 - DEBUG - asyncio - selector_events:64 - Using selector: KqueueSelector
2025-09-12 10:35:09,843 - DEBUG - asyncio - selector_events:64 - Using selector: KqueueSelector
2025-09-12 10:35:11,454 - DEBUG - asyncio - selector_events:64 - Using selector: KqueueSelector
2025-09-12 10:35:15,258 - DEBUG - asyncio - selector_events:64 - Using selector: KqueueSelector
2025-09-12 10:41:57,457 - DEBUG - asyncio - selector_events:64 - Using selector: KqueueSelector
2025-09-12 10:44:03,080 - DEBUG - asyncio - selector_events:64 - Using selector: KqueueSelector
2025-09-12 10:44:39,715 - DEBUG - asyncio - selector_events:64 - Using selector: KqueueSelector
2025-09-12 10:44:44,578 - DEBUG - asyncio - selector_events:64 - Using selector: KqueueSelector
2025-09-12 10:47:06,424 - INFO - root - client:38 - request running
2025-09-12 10:47:06,471 - DEBUG - urllib3.connectionpool - connectionpool:1049 - Starting new HTTPS connection (1): api.bianxie.ai:443
2025-09-12 10:47:14,297 - DEBUG - urllib3.connectionpool - connectionpool:544 - https://api.bianxie.ai:443 "POST /v1/chat/completions HTTP/1.1" 200 None
2025-09-12 10:47:14,298 - DEBUG - root - client:42 - 7.874097108840942
2025-09-12 10:48:23,918 - INFO - root - client:38 - request running
2025-09-12 10:48:23,921 - DEBUG - urllib3.connectionpool - connectionpool:1049 - Starting new HTTPS connection (1): api.bianxie.ai:443
2025-09-12 10:48:31,203 - DEBUG - urllib3.connectionpool - connectionpool:544 - https://api.bianxie.ai:443 "POST /v1/chat/completions HTTP/1.1" 200 765
2025-09-12 10:48:31,205 - DEBUG - root - client:42 - 7.286322832107544
2025-09-12 10:49:32,093 - DEBUG - asyncio - selector_events:64 - Using selector: KqueueSelector
2025-09-12 10:49:33,673 - DEBUG - asyncio - selector_events:64 - Using selector: KqueueSelector
2025-09-12 10:49:39,968 - DEBUG - asyncio - selector_events:64 - Using selector: KqueueSelector
2025-09-12 10:49:43,899 - DEBUG - asyncio - selector_events:64 - Using selector: KqueueSelector
2025-09-12 10:49:46,633 - DEBUG - asyncio - selector_events:64 - Using selector: KqueueSelector
2025-09-12 10:50:17,043 - DEBUG - asyncio - selector_events:64 - Using selector: KqueueSelector
2025-09-12 10:50:22,291 - DEBUG - asyncio - selector_events:64 - Using selector: KqueueSelector
2025-09-12 10:51:05,682 - DEBUG - asyncio - selector_events:64 - Using selector: KqueueSelector
2025-09-12 10:51:09,341 - DEBUG - asyncio - selector_events:64 - Using selector: KqueueSelector
2025-09-12 10:51:11,138 - DEBUG - asyncio - selector_events:64 - Using selector: KqueueSelector
2025-09-12 10:51:12,761 - DEBUG - asyncio - selector_events:64 - Using selector: KqueueSelector
2025-09-12 10:51:19,929 - DEBUG - asyncio - selector_events:64 - Using selector: KqueueSelector
2025-09-12 10:51:21,590 - DEBUG - asyncio - selector_events:64 - Using selector: KqueueSelector
2025-09-12 10:51:23,199 - DEBUG - asyncio - selector_events:64 - Using selector: KqueueSelector
2025-09-12 10:51:24,758 - DEBUG - asyncio - selector_events:64 - Using selector: KqueueSelector
2025-09-12 10:51:28,680 - DEBUG - asyncio - selector_events:64 - Using selector: KqueueSelector
2025-09-12 10:51:30,429 - DEBUG - asyncio - selector_events:64 - Using selector: KqueueSelector
2025-09-12 10:51:34,396 - DEBUG - asyncio - selector_events:64 - Using selector: KqueueSelector
2025-09-12 10:52:25,755 - DEBUG - asyncio - selector_events:64 - Using selector: KqueueSelector
2025-09-12 10:52:34,050 - DEBUG - asyncio - selector_events:64 - Using selector: KqueueSelector
2025-09-12 10:52:38,768 - DEBUG - asyncio - selector_events:64 - Using selector: KqueueSelector
2025-09-12 10:52:42,535 - DEBUG - asyncio - selector_events:64 - Using selector: KqueueSelector
2025-09-12 10:52:45,348 - DEBUG - asyncio - selector_events:64 - Using selector: KqueueSelector
2025-09-12 10:52:51,317 - DEBUG - asyncio - selector_events:64 - Using selector: KqueueSelector
2025-09-12 10:52:58,960 - DEBUG - asyncio - selector_events:64 - Using selector: KqueueSelector
2025-09-12 10:53:01,707 - DEBUG - asyncio - selector_events:64 - Using selector: KqueueSelector
2025-09-12 10:53:03,534 - INFO - root - client:38 - request running
2025-09-12 10:53:03,543 - DEBUG - urllib3.connectionpool - connectionpool:1049 - Starting new HTTPS connection (1): api.bianxie.ai:443
2025-09-12 10:53:11,050 - DEBUG - urllib3.connectionpool - connectionpool:544 - https://api.bianxie.ai:443 "POST /v1/chat/completions HTTP/1.1" 200 934
2025-09-12 10:53:11,052 - DEBUG - root - client:42 - 7.517910003662109
2025-09-12 10:56:34,325 - INFO - root - client:38 - request running
2025-09-12 10:56:34,328 - DEBUG - urllib3.connectionpool - connectionpool:1049 - Starting new HTTPS connection (1): api.bianxie.ai:443
2025-09-12 10:56:41,586 - DEBUG - urllib3.connectionpool - connectionpool:544 - https://api.bianxie.ai:443 "POST /v1/chat/completions HTTP/1.1" 200 783
2025-09-12 10:56:41,587 - DEBUG - root - client:42 - 7.261101007461548
2025-09-12 10:56:53,643 - DEBUG - asyncio - selector_events:64 - Using selector: KqueueSelector
2025-09-12 10:56:57,302 - DEBUG - asyncio - selector_events:64 - Using selector: KqueueSelector
2025-09-12 10:56:58,916 - DEBUG - asyncio - selector_events:64 - Using selector: KqueueSelector
2025-09-12 10:57:03,057 - DEBUG - asyncio - selector_events:64 - Using selector: KqueueSelector
2025-09-12 10:57:03,081 - INFO - root - client:38 - request running
2025-09-12 10:57:03,089 - DEBUG - urllib3.connectionpool - connectionpool:1049 - Starting new HTTPS connection (1): api.bianxie.ai:443
2025-09-12 10:57:10,554 - DEBUG - urllib3.connectionpool - connectionpool:544 - https://api.bianxie.ai:443 "POST /v1/chat/completions HTTP/1.1" 200 875
2025-09-12 10:57:10,555 - DEBUG - root - client:42 - 7.47313117980957
2025-09-12 10:57:25,283 - DEBUG - asyncio - selector_events:64 - Using selector: KqueueSelector
2025-09-12 10:57:33,034 - DEBUG - asyncio - selector_events:64 - Using selector: KqueueSelector
2025-09-12 10:57:36,899 - DEBUG - asyncio - selector_events:64 - Using selector: KqueueSelector
2025-09-12 10:57:39,119 - INFO - root - client:38 - request running
2025-09-12 10:57:39,129 - DEBUG - urllib3.connectionpool - connectionpool:1049 - Starting new HTTPS connection (1): api.bianxie.ai:443
2025-09-12 10:57:46,830 - DEBUG - urllib3.connectionpool - connectionpool:544 - https://api.bianxie.ai:443 "POST /v1/chat/completions HTTP/1.1" 200 864
2025-09-12 10:57:46,831 - DEBUG - root - client:42 - 7.711371898651123
2025-09-12 10:58:21,205 - DEBUG - asyncio - selector_events:64 - Using selector: KqueueSelector
2025-09-12 10:58:45,157 - DEBUG - asyncio - selector_events:64 - Using selector: KqueueSelector
2025-09-12 10:59:03,898 - DEBUG - asyncio - selector_events:64 - Using selector: KqueueSelector
2025-09-12 10:59:05,481 - DEBUG - asyncio - selector_events:64 - Using selector: KqueueSelector
2025-09-12 10:59:50,971 - INFO - root - client:38 - request running
2025-09-12 10:59:50,990 - DEBUG - urllib3.connectionpool - connectionpool:1049 - Starting new HTTPS connection (1): api.bianxie.ai:443
2025-09-12 10:59:57,991 - DEBUG - urllib3.connectionpool - connectionpool:544 - https://api.bianxie.ai:443 "POST /v1/chat/completions HTTP/1.1" 200 603
2025-09-12 10:59:57,992 - DEBUG - root - client:42 - 7.020066261291504
2025-09-12 11:02:17,604 - DEBUG - asyncio - selector_events:64 - Using selector: KqueueSelector
2025-09-12 11:02:49,159 - DEBUG - asyncio - selector_events:64 - Using selector: KqueueSelector
2025-09-12 11:03:01,833 - DEBUG - asyncio - selector_events:64 - Using selector: KqueueSelector
2025-09-12 11:03:03,232 - DEBUG - asyncio - selector_events:64 - Using selector: KqueueSelector
2025-09-12 11:03:59,763 - DEBUG - asyncio - selector_events:64 - Using selector: KqueueSelector
2025-09-12 11:04:06,936 - DEBUG - asyncio - selector_events:64 - Using selector: KqueueSelector
2025-09-12 11:06:19,445 - DEBUG - asyncio - selector_events:64 - Using selector: KqueueSelector
2025-09-12 11:06:23,070 - DEBUG - asyncio - selector_events:64 - Using selector: KqueueSelector
2025-09-12 11:06:31,358 - DEBUG - asyncio - selector_events:64 - Using selector: KqueueSelector
2025-09-12 11:06:34,074 - DEBUG - asyncio - selector_events:64 - Using selector: KqueueSelector
2025-09-12 11:06:37,870 - DEBUG - asyncio - selector_events:64 - Using selector: KqueueSelector
2025-09-12 11:06:43,130 - DEBUG - asyncio - selector_events:64 - Using selector: KqueueSelector
2025-09-12 11:06:48,193 - DEBUG - asyncio - selector_events:64 - Using selector: KqueueSelector
2025-09-12 11:06:59,935 - DEBUG - asyncio - selector_events:64 - Using selector: KqueueSelector
2025-09-12 11:07:01,369 - DEBUG - asyncio - selector_events:64 - Using selector: KqueueSelector
2025-09-12 11:07:02,988 - DEBUG - asyncio - selector_events:64 - Using selector: KqueueSelector
2025-09-12 11:07:04,596 - DEBUG - asyncio - selector_events:64 - Using selector: KqueueSelector
2025-09-12 11:07:16,103 - DEBUG - asyncio - selector_events:64 - Using selector: KqueueSelector
2025-09-12 11:07:17,738 - DEBUG - asyncio - selector_events:64 - Using selector: KqueueSelector
2025-09-12 11:07:20,457 - DEBUG - asyncio - selector_events:64 - Using selector: KqueueSelector
2025-09-12 11:07:26,575 - DEBUG - asyncio - selector_events:64 - Using selector: KqueueSelector
2025-09-12 11:07:28,200 - DEBUG - asyncio - selector_events:64 - Using selector: KqueueSelector
2025-09-12 11:07:29,865 - DEBUG - asyncio - selector_events:64 - Using selector: KqueueSelector
2025-09-12 11:07:42,979 - DEBUG - asyncio - selector_events:64 - Using selector: KqueueSelector
2025-09-12 11:09:01,776 - DEBUG - asyncio - selector_events:64 - Using selector: KqueueSelector
2025-09-12 11:09:06,602 - DEBUG - asyncio - selector_events:64 - Using selector: KqueueSelector
2025-09-12 11:09:15,084 - DEBUG - asyncio - selector_events:64 - Using selector: KqueueSelector
2025-09-12 11:09:24,455 - DEBUG - asyncio - selector_events:64 - Using selector: KqueueSelector
2025-09-12 11:09:32,723 - DEBUG - asyncio - selector_events:64 - Using selector: KqueueSelector
2025-09-12 11:09:50,895 - DEBUG - asyncio - selector_events:64 - Using selector: KqueueSelector
2025-09-12 11:09:54,503 - DEBUG - asyncio - selector_events:64 - Using selector: KqueueSelector
2025-09-12 11:10:12,368 - DEBUG - asyncio - selector_events:64 - Using selector: KqueueSelector
2025-09-12 11:10:13,782 - DEBUG - asyncio - selector_events:64 - Using selector: KqueueSelector
2025-09-12 11:10:15,487 - DEBUG - asyncio - selector_events:64 - Using selector: KqueueSelector
2025-09-12 11:10:58,398 - INFO - root - client:38 - request running
2025-09-12 11:10:58,426 - DEBUG - urllib3.connectionpool - connectionpool:1049 - Starting new HTTPS connection (1): api.bianxie.ai:443
2025-09-12 11:11:11,889 - DEBUG - urllib3.connectionpool - connectionpool:544 - https://api.bianxie.ai:443 "POST /v1/chat/completions HTTP/1.1" 200 None
2025-09-12 11:11:11,889 - DEBUG - root - client:42 - 13.490562915802002
2025-09-12 11:11:43,839 - DEBUG - asyncio - selector_events:64 - Using selector: KqueueSelector
2025-09-12 11:12:07,724 - DEBUG - asyncio - selector_events:64 - Using selector: KqueueSelector
2025-09-12 11:12:20,623 - DEBUG - asyncio - selector_events:64 - Using selector: KqueueSelector
2025-09-12 11:12:28,913 - DEBUG - asyncio - selector_events:64 - Using selector: KqueueSelector
2025-09-12 11:12:50,384 - DEBUG - asyncio - selector_events:64 - Using selector: KqueueSelector
2025-09-12 11:14:59,301 - DEBUG - asyncio - selector_events:64 - Using selector: KqueueSelector
2025-09-12 11:17:30,858 - DEBUG - asyncio - selector_events:64 - Using selector: KqueueSelector
2025-09-12 11:17:33,274 - DEBUG - asyncio - selector_events:64 - Using selector: KqueueSelector
2025-09-12 11:17:38,201 - DEBUG - asyncio - selector_events:64 - Using selector: KqueueSelector
2025-09-12 11:20:28,003 - DEBUG - asyncio - selector_events:64 - Using selector: KqueueSelector
2025-09-12 11:22:08,939 - DEBUG - asyncio - selector_events:64 - Using selector: KqueueSelector
2025-09-12 11:26:36,632 - DEBUG - asyncio - selector_events:64 - Using selector: KqueueSelector
2025-09-12 11:27:55,034 - DEBUG - asyncio - selector_events:64 - Using selector: KqueueSelector
2025-09-12 15:00:03,633 - DEBUG - asyncio - selector_events:64 - Using selector: KqueueSelector
2025-09-12 15:00:14,479 - DEBUG - asyncio - selector_events:64 - Using selector: KqueueSelector
2025-09-12 15:05:50,799 - DEBUG - asyncio - selector_events:64 - Using selector: KqueueSelector
2025-09-12 15:06:00,604 - DEBUG - asyncio - selector_events:64 - Using selector: KqueueSelector
2025-09-12 15:06:02,212 - DEBUG - asyncio - selector_events:64 - Using selector: KqueueSelector
2025-09-12 15:06:10,500 - DEBUG - asyncio - selector_events:64 - Using selector: KqueueSelector
2025-09-12 15:06:14,924 - DEBUG - asyncio - selector_events:64 - Using selector: KqueueSelector
2025-09-12 15:07:07,594 - DEBUG - asyncio - selector_events:64 - Using selector: KqueueSelector
2025-09-12 15:07:11,382 - DEBUG - asyncio - selector_events:64 - Using selector: KqueueSelector
2025-09-12 15:07:22,233 - DEBUG - asyncio - selector_events:64 - Using selector: KqueueSelector
2025-09-12 15:07:25,765 - DEBUG - asyncio - selector_events:64 - Using selector: KqueueSelector
2025-09-12 15:08:04,242 - DEBUG - asyncio - selector_events:64 - Using selector: KqueueSelector
2025-09-12 15:08:06,120 - DEBUG - asyncio - selector_events:64 - Using selector: KqueueSelector
2025-09-12 15:08:28,856 - DEBUG - asyncio - selector_events:64 - Using selector: KqueueSelector
2025-09-12 15:08:58,661 - DEBUG - asyncio - selector_events:64 - Using selector: KqueueSelector
2025-09-12 15:10:57,996 - DEBUG - asyncio - selector_events:64 - Using selector: KqueueSelector
2025-09-12 15:11:00,030 - DEBUG - asyncio - selector_events:64 - Using selector: KqueueSelector
2025-09-12 15:11:13,097 - DEBUG - asyncio - selector_events:64 - Using selector: KqueueSelector
2025-09-12 15:11:14,891 - DEBUG - asyncio - selector_events:64 - Using selector: KqueueSelector
2025-09-12 15:11:27,382 - DEBUG - asyncio - selector_events:64 - Using selector: KqueueSelector
2025-09-12 15:11:36,402 - DEBUG - asyncio - selector_events:64 - Using selector: KqueueSelector
2025-09-12 15:11:51,258 - DEBUG - asyncio - selector_events:64 - Using selector: KqueueSelector
2025-09-12 15:11:55,175 - DEBUG - asyncio - selector_events:64 - Using selector: KqueueSelector
2025-09-12 15:12:09,590 - DEBUG - asyncio - selector_events:64 - Using selector: KqueueSelector
2025-09-12 15:12:23,080 - DEBUG - asyncio - selector_events:64 - Using selector: KqueueSelector
2025-09-12 15:12:26,289 - DEBUG - asyncio - selector_events:64 - Using selector: KqueueSelector
2025-09-12 15:12:40,256 - DEBUG - asyncio - selector_events:64 - Using selector: KqueueSelector
2025-09-12 15:12:42,004 - DEBUG - asyncio - selector_events:64 - Using selector: KqueueSelector
2025-09-12 15:12:50,063 - DEBUG - asyncio - selector_events:64 - Using selector: KqueueSelector
2025-09-12 15:12:51,995 - DEBUG - asyncio - selector_events:64 - Using selector: KqueueSelector
2025-09-12 15:12:56,727 - DEBUG - asyncio - selector_events:64 - Using selector: KqueueSelector
2025-09-12 15:13:02,520 - DEBUG - asyncio - selector_events:64 - Using selector: KqueueSelector
2025-09-12 15:13:10,546 - DEBUG - asyncio - selector_events:64 - Using selector: KqueueSelector
2025-09-12 15:13:29,084 - DEBUG - asyncio - selector_events:64 - Using selector: KqueueSelector
2025-09-12 15:13:34,340 - DEBUG - asyncio - selector_events:64 - Using selector: KqueueSelector
2025-09-12 15:14:17,601 - DEBUG - asyncio - selector_events:64 - Using selector: KqueueSelector
2025-09-12 15:14:25,593 - DEBUG - asyncio - selector_events:64 - Using selector: KqueueSelector
2025-09-12 15:14:29,649 - DEBUG - asyncio - selector_events:64 - Using selector: KqueueSelector
2025-09-12 15:14:32,697 - DEBUG - asyncio - selector_events:64 - Using selector: KqueueSelector
2025-09-12 15:14:34,477 - DEBUG - asyncio - selector_events:64 - Using selector: KqueueSelector
2025-09-12 15:16:47,165 - DEBUG - asyncio - selector_events:64 - Using selector: KqueueSelector
2025-09-12 15:16:57,594 - DEBUG - asyncio - selector_events:64 - Using selector: KqueueSelector
2025-09-12 15:17:38,257 - DEBUG - asyncio - selector_events:64 - Using selector: KqueueSelector
2025-09-12 15:19:48,995 - DEBUG - asyncio - selector_events:64 - Using selector: KqueueSelector
2025-09-12 15:19:51,885 - DEBUG - asyncio - selector_events:64 - Using selector: KqueueSelector
2025-09-12 15:19:53,801 - DEBUG - asyncio - selector_events:64 - Using selector: KqueueSelector
2025-09-12 15:20:21,612 - DEBUG - asyncio - selector_events:64 - Using selector: KqueueSelector
2025-09-12 15:20:37,498 - DEBUG - asyncio - selector_events:64 - Using selector: KqueueSelector
2025-09-12 15:20:46,210 - DEBUG - asyncio - selector_events:64 - Using selector: KqueueSelector
2025-09-12 15:20:50,094 - DEBUG - asyncio - selector_events:64 - Using selector: KqueueSelector
2025-09-12 15:20:58,467 - DEBUG - asyncio - selector_events:64 - Using selector: KqueueSelector
2025-09-12 15:21:01,514 - DEBUG - asyncio - selector_events:64 - Using selector: KqueueSelector
2025-09-12 15:21:07,927 - DEBUG - asyncio - selector_events:64 - Using selector: KqueueSelector
2025-09-12 15:21:28,018 - DEBUG - asyncio - selector_events:64 - Using selector: KqueueSelector
2025-09-12 15:21:40,772 - DEBUG - asyncio - selector_events:64 - Using selector: KqueueSelector
2025-09-12 15:21:50,834 - DEBUG - asyncio - selector_events:64 - Using selector: KqueueSelector
2025-09-12 15:22:00,248 - DEBUG - asyncio - selector_events:64 - Using selector: KqueueSelector
2025-09-12 15:22:03,053 - DEBUG - asyncio - selector_events:64 - Using selector: KqueueSelector
2025-09-12 15:22:06,193 - DEBUG - asyncio - selector_events:64 - Using selector: KqueueSelector
2025-09-12 15:22:09,275 - DEBUG - asyncio - selector_events:64 - Using selector: KqueueSelector
2025-09-12 15:22:14,740 - DEBUG - asyncio - selector_events:64 - Using selector: KqueueSelector
2025-09-12 15:22:26,937 - DEBUG - asyncio - selector_events:64 - Using selector: KqueueSelector
2025-09-12 15:22:47,525 - DEBUG - asyncio - selector_events:64 - Using selector: KqueueSelector
2025-09-12 15:22:49,148 - DEBUG - asyncio - selector_events:64 - Using selector: KqueueSelector
2025-09-12 15:23:04,864 - DEBUG - asyncio - selector_events:64 - Using selector: KqueueSelector
2025-09-12 15:23:20,336 - DEBUG - asyncio - selector_events:64 - Using selector: KqueueSelector
2025-09-12 15:23:44,077 - DEBUG - asyncio - selector_events:64 - Using selector: KqueueSelector
2025-09-12 15:23:53,252 - DEBUG - asyncio - selector_events:64 - Using selector: KqueueSelector
2025-09-12 15:23:55,798 - DEBUG - asyncio - selector_events:64 - Using selector: KqueueSelector
2025-09-12 15:24:02,992 - DEBUG - asyncio - selector_events:64 - Using selector: KqueueSelector
2025-09-12 15:24:07,376 - DEBUG - asyncio - selector_events:64 - Using selector: KqueueSelector
2025-09-12 15:24:09,076 - DEBUG - asyncio - selector_events:64 - Using selector: KqueueSelector
2025-09-12 15:24:12,191 - DEBUG - asyncio - selector_events:64 - Using selector: KqueueSelector
2025-09-12 15:24:26,062 - DEBUG - asyncio - selector_events:64 - Using selector: KqueueSelector
2025-09-12 15:24:55,672 - DEBUG - asyncio - selector_events:64 - Using selector: KqueueSelector
2025-09-12 15:24:58,325 - DEBUG - asyncio - selector_events:64 - Using selector: KqueueSelector
2025-09-12 15:25:23,939 - DEBUG - asyncio - selector_events:64 - Using selector: KqueueSelector
2025-09-12 15:25:25,528 - DEBUG - asyncio - selector_events:64 - Using selector: KqueueSelector
2025-09-12 15:25:56,615 - DEBUG - asyncio - selector_events:64 - Using selector: KqueueSelector
2025-09-12 15:26:03,188 - DEBUG - asyncio - selector_events:64 - Using selector: KqueueSelector
2025-09-12 15:26:08,858 - DEBUG - asyncio - selector_events:64 - Using selector: KqueueSelector
2025-09-12 15:26:17,311 - DEBUG - asyncio - selector_events:64 - Using selector: KqueueSelector
2025-09-12 15:26:22,714 - DEBUG - asyncio - selector_events:64 - Using selector: KqueueSelector
2025-09-12 15:26:37,326 - DEBUG - asyncio - selector_events:64 - Using selector: KqueueSelector
2025-09-12 15:26:59,221 - DEBUG - asyncio - selector_events:64 - Using selector: KqueueSelector
2025-09-12 15:27:20,951 - DEBUG - asyncio - selector_events:64 - Using selector: KqueueSelector
2025-09-12 15:27:22,683 - DEBUG - asyncio - selector_events:64 - Using selector: KqueueSelector
2025-09-12 15:27:31,075 - DEBUG - asyncio - selector_events:64 - Using selector: KqueueSelector
2025-09-12 15:28:55,484 - DEBUG - asyncio - selector_events:64 - Using selector: KqueueSelector
2025-09-12 15:29:13,291 - DEBUG - asyncio - selector_events:64 - Using selector: KqueueSelector
2025-09-12 15:29:55,813 - DEBUG - asyncio - selector_events:64 - Using selector: KqueueSelector
2025-09-12 15:29:57,490 - DEBUG - asyncio - selector_events:64 - Using selector: KqueueSelector
2025-09-12 15:30:01,771 - DEBUG - asyncio - selector_events:64 - Using selector: KqueueSelector
2025-09-12 15:30:03,662 - DEBUG - asyncio - selector_events:64 - Using selector: KqueueSelector
2025-09-12 15:30:21,180 - DEBUG - asyncio - selector_events:64 - Using selector: KqueueSelector
2025-09-12 15:30:22,974 - DEBUG - asyncio - selector_events:64 - Using selector: KqueueSelector
2025-09-12 15:30:25,877 - DEBUG - asyncio - selector_events:64 - Using selector: KqueueSelector
2025-09-12 15:30:34,181 - DEBUG - asyncio - selector_events:64 - Using selector: KqueueSelector
2025-09-12 15:30:38,552 - DEBUG - asyncio - selector_events:64 - Using selector: KqueueSelector
2025-09-12 15:30:45,081 - DEBUG - asyncio - selector_events:64 - Using selector: KqueueSelector
2025-09-12 15:30:47,039 - DEBUG - asyncio - selector_events:64 - Using selector: KqueueSelector
2025-09-12 15:30:48,889 - DEBUG - asyncio - selector_events:64 - Using selector: KqueueSelector
2025-09-12 15:30:53,383 - DEBUG - asyncio - selector_events:64 - Using selector: KqueueSelector
2025-09-12 15:30:56,486 - DEBUG - asyncio - selector_events:64 - Using selector: KqueueSelector
2025-09-12 15:30:58,507 - DEBUG - asyncio - selector_events:64 - Using selector: KqueueSelector
2025-09-12 15:31:04,923 - DEBUG - asyncio - selector_events:64 - Using selector: KqueueSelector
2025-09-12 15:31:06,777 - DEBUG - asyncio - selector_events:64 - Using selector: KqueueSelector
2025-09-12 15:31:15,189 - DEBUG - asyncio - selector_events:64 - Using selector: KqueueSelector
2025-09-12 15:31:17,207 - DEBUG - asyncio - selector_events:64 - Using selector: KqueueSelector
2025-09-12 15:31:20,199 - DEBUG - asyncio - selector_events:64 - Using selector: KqueueSelector
2025-09-12 15:31:29,699 - DEBUG - asyncio - selector_events:64 - Using selector: KqueueSelector
2025-09-12 15:31:32,608 - DEBUG - asyncio - selector_events:64 - Using selector: KqueueSelector
2025-09-12 15:32:31,599 - DEBUG - asyncio - selector_events:64 - Using selector: KqueueSelector
2025-09-12 15:32:35,587 - DEBUG - asyncio - selector_events:64 - Using selector: KqueueSelector
2025-09-12 15:32:37,516 - DEBUG - asyncio - selector_events:64 - Using selector: KqueueSelector
2025-09-12 15:32:39,343 - DEBUG - asyncio - selector_events:64 - Using selector: KqueueSelector
2025-09-12 15:37:00,226 - DEBUG - asyncio - selector_events:64 - Using selector: KqueueSelector
2025-09-12 15:37:02,942 - DEBUG - asyncio - selector_events:64 - Using selector: KqueueSelector
2025-09-12 15:37:16,740 - DEBUG - asyncio - selector_events:64 - Using selector: KqueueSelector
2025-09-12 15:37:42,794 - DEBUG - asyncio - selector_events:64 - Using selector: KqueueSelector
2025-09-12 15:38:01,254 - DEBUG - asyncio - selector_events:64 - Using selector: KqueueSelector
2025-09-12 15:38:09,013 - DEBUG - asyncio - selector_events:64 - Using selector: KqueueSelector
2025-09-12 15:38:37,434 - DEBUG - asyncio - selector_events:64 - Using selector: KqueueSelector
2025-09-12 15:38:41,630 - DEBUG - asyncio - selector_events:64 - Using selector: KqueueSelector
2025-09-12 16:48:59,992 - DEBUG - asyncio - selector_events:64 - Using selector: KqueueSelector
2025-09-12 16:55:03,722 - DEBUG - asyncio - selector_events:64 - Using selector: KqueueSelector
2025-09-12 16:55:07,472 - DEBUG - asyncio - selector_events:64 - Using selector: KqueueSelector
2025-09-12 16:55:34,767 - DEBUG - asyncio - selector_events:64 - Using selector: KqueueSelector
2025-09-12 16:56:06,375 - DEBUG - asyncio - selector_events:64 - Using selector: KqueueSelector
2025-09-12 16:56:23,628 - DEBUG - asyncio - selector_events:64 - Using selector: KqueueSelector
2025-09-12 16:56:29,115 - DEBUG - asyncio - selector_events:64 - Using selector: KqueueSelector
2025-09-12 16:56:36,044 - DEBUG - asyncio - selector_events:64 - Using selector: KqueueSelector
2025-09-12 16:56:38,961 - DEBUG - asyncio - selector_events:64 - Using selector: KqueueSelector
2025-09-12 16:56:44,486 - DEBUG - asyncio - selector_events:64 - Using selector: KqueueSelector
2025-09-12 16:56:47,497 - DEBUG - asyncio - selector_events:64 - Using selector: KqueueSelector
2025-09-12 16:56:50,920 - DEBUG - asyncio - selector_events:64 - Using selector: KqueueSelector
2025-09-12 16:56:56,615 - DEBUG - asyncio - selector_events:64 - Using selector: KqueueSelector
2025-09-12 16:56:59,834 - DEBUG - asyncio - selector_events:64 - Using selector: KqueueSelector
2025-09-12 16:58:08,447 - DEBUG - asyncio - selector_events:64 - Using selector: KqueueSelector
2025-09-12 16:59:22,607 - INFO - root - server:229 - Task 264a83e2-0f51-4f5f-8c12-c2d876fabb38: Starting generation 
2025-09-12 16:59:22,608 - INFO - root - client:38 - request running
2025-09-12 16:59:22,626 - DEBUG - urllib3.connectionpool - connectionpool:1049 - Starting new HTTPS connection (1): api.bianxie.ai:443
2025-09-12 16:59:31,820 - DEBUG - urllib3.connectionpool - connectionpool:544 - https://api.bianxie.ai:443 "POST /v1/chat/completions HTTP/1.1" 200 None
2025-09-12 16:59:31,821 - DEBUG - root - client:42 - 9.213330030441284
2025-09-12 16:59:31,823 - INFO - root - client:38 - request running
2025-09-12 16:59:31,824 - DEBUG - urllib3.connectionpool - connectionpool:1049 - Starting new HTTPS connection (1): api.bianxie.ai:443
2025-09-12 17:00:01,069 - DEBUG - urllib3.connectionpool - connectionpool:544 - https://api.bianxie.ai:443 "POST /v1/chat/completions HTTP/1.1" 200 None
2025-09-12 17:00:01,073 - DEBUG - root - client:42 - 29.25061798095703
2025-09-12 17:00:01,076 - INFO - root - server:252 - outline
2025-09-12 17:00:01,076 - INFO - root - server:253 - ```json
{
    "第一部 童年与萌芽：打破常规的底色": [
        {
            "chapter_number": "第一章",
            "title": "异乡的童年：上海弄堂里的“野生”基因",
            "topic": "第三人称。叙述人物在上海弄堂的童年生活。描述其与众不同的成长环境，强调“野生”与“自由”的基因如何在此阶段萌芽，为后续的叛逆与突破性思维奠定基础。这是“第一起”的最初铺垫。"
        },
        {
            "chapter_number": "第二章",
            "title": "家族的烙印：父辈的“不务正业”与早慧",
            "topic": "第一人称。回顾家庭背景，尤其是父辈对人物性格的影响。父亲的“不务正业”和母亲的“书香气”如何共同塑造了其早期的认知模式，使其从小就展现出不同于常人的早慧与独立思考能力。揭示家族基因中对传统路径的偏离，为人物的“叛逆”埋下伏笔。"
        },
        {
            "chapter_number": "第三章",
            "title": "初识世界：从书本到现实的哲学思辨",
            "topic": "第一人称。探讨童年时期通过阅读和观察对世界的初步认识。描述其如何跳出课本，对社会现象和人生意义产生早期思辨，形成最初的哲学观，如对“人是什么”的追问。这是其思想深度开始显现的重要时刻。"
        },
        {
            "chapter_number": "第四章",
            "title": "“问题学生”：学校体制下的格格不入",
            "topic": "第三人称。叙述人物在小学和中学阶段如何被视为“问题学生”。描述其对僵化教育体制的反叛，以及如何通过自己的方式学习和探索。展现其独立思考和不墨守成规的特质，是其“叛逆”性格的早期体现。"
        },
        {
            "chapter_number": "第五章",
            "title": "叛逆的火花：从“逃学”到自我教育",
            "topic": "第一人称。深入剖析其“逃学”行为背后的深层原因，并非厌学，而是对更广阔知识的渴望。描述其如何通过图书馆、社会观察等进行自我教育，拓宽视野，形成独特的学习路径。这是其“突破性”思维的早期实践。"
        },
        {
            "chapter_number": "第六章",
            "title": "少年英雄：第一次公开的“挑战权威”",
            "topic": "第三人称。聚焦少年时期一次具体的、公开的挑战权威事件，例如在课堂上质疑老师、在学校活动中提出颠覆性建议。展现其少年时代的勇气和不畏世俗的锋芒，预示其未来将不断挑战既定规则。"
        }
    ],
    "第二部 青春与求索：思想体系的构建与第一次“起”": [
        {
            "chapter_number": "第七章",
            "title": "高考岔路口：另辟蹊径的抉择",
            "topic": "第一人称。描述高考这一人生重要节点，人物如何没有选择传统热门专业，而是基于对未来和自身兴趣的深刻理解，做出了非主流的选择。这一选择是其独立思考和不随波逐流性格的体现。"
        },
        {
            "chapter_number": "第八章",
            "title": "大学围城：在象牙塔内的游走与思辨",
            "topic": "第三人称。叙述大学生活，人物如何不满足于课本知识，而是广泛涉猎哲学、历史、心理学等领域。描述其在大学期间与不同思想的碰撞，以及对人生、社会更深层次的思考，开始形成初步的个人哲学体系。"
        },
        {
            "chapter_number": "第九章",
            "title": "初露锋芒：第一次“非传统”的尝试",
            "topic": "第一人称。记录大学期间第一次重要的非学术性尝试，例如组织社团、参与社会实践、进行独立创作等。这次尝试虽然可能不完美，但展现了其早期领导力、创新思维和实践能力，是“第一起”的初步信号。"
        },
        {
            "chapter_number": "第十章",
            "title": "思想的碰撞：与导师、友人的深度对话",
            "topic": "第三人称。描述人物在大学期间与某位对其思想产生重要影响的导师或友人之间的深度对话。这些对话如何激发其更深层次的思考，巩固其对“人是什么”、“生命意义”等核心问题的追问。此为思想体系构建的关键环节。"
        },
        {
            "chapter_number": "第十一章",
            "title": "毕业迷茫：传统路径的拒绝与自我定位",
            "topic": "第一人称。叙述毕业季的迷茫与挣扎。描述人物如何拒绝传统意义上的就业或深造路径，坚持走自己的路。这一阶段是其价值观和人生目标进一步明确的关键时期，也是其“伏”期前的短暂沉淀。"
        },
        {
            "chapter_number": "第十二章",
            "title": "“闯入者”：步入社会的第一次“起”",
            "topic": "第三人称。聚焦人物毕业后首次进入某个行业或领域，如何以“闯入者”的姿态带来新思维、新方法。描述其在初期取得的显著成就或提出的颠覆性观点，这标志着其人生第一次“起”的到来，展现其突破性思维的实践价值。"
        }
    ],
    "第三部 职业探索与低谷：自我怀疑与哲学升华": [
        {
            "chapter_number": "第十三章",
            "title": "初尝成功：光环下的自我审视",
            "topic": "第一人称。描述第一次“起”带来的成功和外界认可。人物如何在这种光环下保持清醒，进行自我审视，而不是沉溺于此。开始思考成功的本质和更深远的意义，为接下来的“伏”期埋下伏笔。"
        },
        {
            "chapter_number": "第十四章",
            "title": "挑战与困境：事业发展中的第一次“伏”",
            "topic": "第三人称。叙述人物在职业发展中遭遇的第一次重大挑战或困境，可能来自外部竞争、内部矛盾或项目失败。描述这一“伏”期如何对其造成打击，但并未使其放弃，而是促使其深入反思。这是第一次“伏”的核心。"
        },
        {
            "chapter_number": "第十五章",
            "title": "内观与沉淀：低谷中的哲学思考",
            "topic": "第一人称。深入剖析人物在低谷期的内心挣扎与哲学思考。描述其如何从失败中汲取养分，重新审视自己的价值观和人生目标，并在此阶段形成“没有低谷期”的初步哲学理念。这是从“伏”中汲取力量的关键。"
        },
        {
            "chapter_number": "第十六章",
            "title": "人际关系的考验：理解与误解",
            "topic": "第三人称。叙述在低谷期，人物与身边亲友、同事之间关系的变化。有人理解支持，也有人质疑疏远。这些互动如何进一步塑造其性格，使其更深刻地理解人性的复杂与情感的价值。"
        },
        {
            "chapter_number": "第十七章",
            "title": "转折的契机：一次意外的相遇或启发",
            "topic": "第一人称。描述一次在低谷期出现的转折性事件，可能是一次偶然的相遇、一本书的启发、或一次旅行的顿悟。这次契机如何帮助人物走出困境，重新找到方向，为下一阶段的崛起积蓄力量。"
        },
        {
            "chapter_number": "第十八章",
            "title": "重塑自我：从“伏”中走出的新起点",
            "topic": "第三人称。叙述人物如何从第一次“伏”中走出，重新规划自己的职业和人生。描述其在这一阶段所做的改变和调整，展现其强大的自我修复能力和韧性，为第二次“起”做好准备。"
        }
    ],
    "第四部 思想体系的成熟与第二次“起”：探索“基因锁”": [
        {
            "chapter_number": "第十九章",
            "title": "新领域的探索：将哲学付诸实践",
            "topic": "第一人称。描述人物如何将低谷期沉淀出的哲学思想，应用于新的职业或创业领域。展现其如何以全新的视角和方法，解决旧问题，开辟新天地。这是第二次“起”的开端。"
        },
        {
            "chapter_number": "第二十章",
            "title": "“解除人类基因锁”：核心哲学的诞生",
            "topic": "第三人称。聚焦“解除人类基因锁”这一核心思想的形成过程。描述其在何种背景下，通过何种观察和思考，最终凝练出这一具有颠覆性的哲学理念。这是人物思想体系成熟的重要标志。"
        },
        {
            "chapter_number": "第二十一章",
            "title": "团队的凝聚：吸引志同道合者",
            "topic": "第一人称。叙述人物如何凭借其独特的魅力和远见，吸引一批志同道合的伙伴加入。描述团队组建过程中的挑战与乐趣，展现其领导力与识人能力，为实现宏大目标奠定基础。"
        },
        {
            "chapter_number": "第二十二章",
            "title": "项目突破：颠覆性成果的诞生",
            "topic": "第三人称。详细描述一个关键项目的成功，该项目如何体现“解除人类基因锁”的理念，并取得了行业内前所未有的突破。这是第二次“起”的核心高潮，展现其创新实践的巨大影响力。"
        },
        {
            "chapter_number": "第二十三章",
            "title": "媒体聚焦：成为公众视野的焦点",
            "topic": "第三人称。叙述人物及其项目如何受到媒体的广泛关注和报道。描述其如何应对公众的赞誉与质疑，以及在聚光灯下如何保持清醒和初心。这是其影响力扩大的表现。"
        },
        {
            "chapter_number": "第二十四章",
            "title": "国际舞台：思想的跨文化传播",
            "topic": "第一人称。描述人物如何将“解除人类基因锁”的理念推向国际舞台，与不同文化背景的人进行交流和碰撞。展现其思想的普适性和影响力，标志着第二次“起”达到顶峰。"
        }
    ],
    "第五部 巅峰与挑战：第二次“伏”的到来": [
        {
            "chapter_number": "第二十五章",
            "title": "盛名之下：新的困惑与挑战",
            "topic": "第一人称。描述在第二次“起”的巅峰，人物所面临的新的困惑和挑战，可能来自内部管理的复杂性、外部竞争的加剧，或是个人声誉带来的压力。这是第二次“伏”的开始，预示着新的沉淀期。"
        },
        {
            "chapter_number": "第二十六章",
            "title": "核心团队的裂痕：理念与现实的冲突",
            "topic": "第三人称。叙述核心团队内部出现的分歧或裂痕，可能源于对发展方向、价值观或具体实施路径的不同理解。描述这些冲突如何考验人物的领导力和决策智慧。"
        },
        {
            "chapter_number": "第二十七章",
            "title": "批评与质疑：来自各方的审视",
            "topic": "第三人称。聚焦人物及其理念所遭受的外部批评与质疑，可能来自学术界、媒体或社会大众。描述人物如何回应这些质疑，以及这些批评对其思想产生的冲击和反思。这是第二次“伏”的深化。"
        },
        {
            "chapter_number": "第二十八章",
            "title": "身体与精神的疲惫：超负荷的代价",
            "topic": "第一人称。深入剖析人物在长期高压工作下，身体和精神上所承受的巨大压力和疲惫。描述其如何面对这种超负荷状态，并开始思考工作与生活的平衡，以及个人健康的价值。"
        },
        {
            "chapter_number": "第二十九章",
            "title": "家庭的牺牲：亲密关系的挑战",
            "topic": "第一人称。叙述在事业巅峰期，人物与家庭成员，尤其是配偶和子女之间关系的挑战。描述其如何权衡事业与家庭，以及在亲密关系中感受到的无奈与责任。这是其人性深度展现的重要时刻。"
        },
        {
            "chapter_number": "第三十章",
            "title": "战略调整：自我革新与重塑",
            "topic": "第三人称。描述人物在第二次“伏”期中，如何进行深刻的自我反思和战略调整。这可能包括对原有发展路径的修正、对团队结构的优化、或对个人生活方式的改变。展现其在困境中寻求突破和自我革新的能力。"
        }
    ],
    "第六部 归真与超越：第三次“起”与永恒的“童心”": [
        {
            "chapter_number": "第三十一章",
            "title": "回归初心：重新定义“成功”",
            "topic": "第一人称。描述人物在经历第二次“伏”后，如何重新审视和定义“成功”的含义。不再仅仅追求外部成就，而是更加关注内在的成长、对社会的贡献以及生命的本质。这是第三次“起”的哲学基础。"
        },
        {
            "chapter_number": "第三十二章",
            "title": "“童心”的觉醒：以纯粹应对复杂",
            "topic": "第三人称。聚焦人物“童心”特质的觉醒与升华。描述其如何以一种纯粹、好奇、无功利的心态去面对世界，解决问题，并以此感染身边人。这是其人生智慧的体现，也是其独特魅力的源泉。"
        },
        {
            "chapter_number": "第三十三章",
            "title": "新的征程：突破性的社会实践",
            "topic": "第一人称。描述人物开启新的社会实践或项目，这次不再是纯粹的商业目标，而是更侧重于对人类福祉的贡献。展现其如何将“解除人类基因锁”的理念，以更广阔、更深刻的方式付诸实践。这是第三次“起”的核心。"
        },
        {
            "chapter_number": "第三十四章",
            "title": "跨界融合：连接不同领域的力量",
            "topic": "第三人称。叙述人物如何推动不同领域之间的跨界融合，例如科技与艺术、商业与公益、哲学与教育。描述其如何构建一个更宏大的生态系统，以实现其对人类整体进化的愿景。"
        },
        {
            "chapter_number": "第三十五章",
            "title": "教育的传承：影响下一代思考者",
            "topic": "第一人称。描述人物如何投身于教育或知识分享，将自己的思想和经验传授给年轻一代。通过讲座、著书或建立平台等方式，鼓励更多人独立思考，勇于突破，延续其“解除人类基因锁”的使命。"
        },
        {
            "chapter_number": "第三十六章",
            "title": "哲学的高度：对“低谷期”的终极诠释",
            "topic": "第三人称。深入剖析人物对“没有低谷期”哲学的最终诠释。描述其如何将生命中的所有挑战和困境都视为成长的契机，而非简单的挫折，展现其超然的人生智慧和对生命意义的深刻理解。"
        },
        {
            "chapter_number": "第三十七章",
            "title": "遗世独立：在喧嚣中保持自我",
            "topic": "第一人称。描述人物在功成名就后，如何选择一种相对遗世独立的生活方式，避免被名利所累。展现其对内心平静和精神自由的追求，以及在喧嚣世界中保持清醒和自我的能力。"
        },
        {
            "chapter_number": "第三十八章",
            "title": "未来的回响：思想的永恒生命力",
            "topic": "第三人称。展望人物的思想如何继续影响未来，其“解除人类基因锁”的理念如何在更广阔的社会层面产生回响。描述其作为一位思想家和实践者，对人类文明进步的深远贡献。"
        },
        {
            "chapter_number": "第三十九章",
            "title": "生命之歌：一个突破者的传奇",
            "topic": "第三人称。总结人物的一生，将其视为一个不断突破、永葆童心、追求真理的传奇。回顾其“三起三伏”的生命历程，强调其核心精神对世人的启迪。这是传记的终章，也是对人物精神的最高礼赞。"
        },
        {
            "chapter_number": "第四十章",
            "title": "附录：思想语录与影响者访谈",
            "topic": "第三人称。收录人物的经典语录，精炼其核心思想。同时，摘选对与人物有深度交流的亲友、同事、学生等的访谈片段，从他者视角补充和印证人物的性格与影响力。为读者提供多维度的了解。"
        }
    ]
}
```
2025-09-12 17:00:01,078 - INFO - root - server:254 - <class 'str'>
2025-09-12 17:00:06,080 - ERROR - asyncio - base_events:1865 - Task exception was never retrieved
future: <Task finished name='Task-5' coro=<_generate_biography() done, defined at /Users/zhaoxuefeng/GitHub/diglife/src/diglife/server.py:220> exception=AttributeError("'BiographyRequest' object has no attribute 'person_name'")>
Traceback (most recent call last):
  File "/Users/zhaoxuefeng/GitHub/diglife/src/diglife/server.py", line 273, in _generate_biography
    print(f"Task {task_id}: Generation completed for {request_data.person_name}")
                                                      ^^^^^^^^^^^^^^^^^^^^^^^^
  File "/Users/zhaoxuefeng/GitHub/diglife/.venv/lib/python3.13/site-packages/pydantic/main.py", line 991, in __getattr__
    raise AttributeError(f'{type(self).__name__!r} object has no attribute {item!r}')
AttributeError: 'BiographyRequest' object has no attribute 'person_name'

During handling of the above exception, another exception occurred:

Traceback (most recent call last):
  File "/Users/zhaoxuefeng/GitHub/diglife/src/diglife/server.py", line 279, in _generate_biography
    print(f"Task {task_id}: Generation failed for {request_data.person_name} with error: {e}")
                                                   ^^^^^^^^^^^^^^^^^^^^^^^^
  File "/Users/zhaoxuefeng/GitHub/diglife/.venv/lib/python3.13/site-packages/pydantic/main.py", line 991, in __getattr__
    raise AttributeError(f'{type(self).__name__!r} object has no attribute {item!r}')
AttributeError: 'BiographyRequest' object has no attribute 'person_name'
2025-09-12 17:00:40,288 - DEBUG - asyncio - selector_events:64 - Using selector: KqueueSelector
2025-09-12 17:00:47,275 - DEBUG - asyncio - selector_events:64 - Using selector: KqueueSelector
2025-09-12 17:01:34,613 - DEBUG - asyncio - selector_events:64 - Using selector: KqueueSelector
2025-09-12 17:01:36,294 - DEBUG - asyncio - selector_events:64 - Using selector: KqueueSelector
2025-09-12 17:01:45,050 - DEBUG - asyncio - selector_events:64 - Using selector: KqueueSelector
2025-09-12 17:01:48,196 - DEBUG - asyncio - selector_events:64 - Using selector: KqueueSelector
2025-09-12 17:01:49,988 - DEBUG - asyncio - selector_events:64 - Using selector: KqueueSelector
2025-09-12 17:02:02,246 - DEBUG - asyncio - selector_events:64 - Using selector: KqueueSelector
2025-09-12 17:02:06,248 - DEBUG - asyncio - selector_events:64 - Using selector: KqueueSelector
2025-09-12 17:02:09,696 - DEBUG - asyncio - selector_events:64 - Using selector: KqueueSelector
2025-09-12 17:02:14,300 - DEBUG - asyncio - selector_events:64 - Using selector: KqueueSelector
2025-09-12 17:02:27,693 - DEBUG - asyncio - selector_events:64 - Using selector: KqueueSelector
2025-09-12 17:02:35,620 - DEBUG - asyncio - selector_events:64 - Using selector: KqueueSelector
2025-09-12 17:02:39,656 - DEBUG - asyncio - selector_events:64 - Using selector: KqueueSelector
2025-09-12 17:02:44,449 - DEBUG - asyncio - selector_events:64 - Using selector: KqueueSelector
2025-09-12 17:02:47,570 - DEBUG - asyncio - selector_events:64 - Using selector: KqueueSelector
2025-09-12 17:02:49,697 - DEBUG - asyncio - selector_events:64 - Using selector: KqueueSelector
2025-09-12 17:03:38,484 - DEBUG - asyncio - selector_events:64 - Using selector: KqueueSelector
2025-09-12 17:03:41,343 - DEBUG - asyncio - selector_events:64 - Using selector: KqueueSelector
2025-09-12 17:03:50,193 - DEBUG - asyncio - selector_events:64 - Using selector: KqueueSelector
2025-09-12 17:03:53,348 - DEBUG - asyncio - selector_events:64 - Using selector: KqueueSelector
2025-09-12 17:04:00,484 - DEBUG - asyncio - selector_events:64 - Using selector: KqueueSelector
2025-09-12 17:04:04,913 - DEBUG - asyncio - selector_events:64 - Using selector: KqueueSelector
2025-09-12 17:04:06,766 - DEBUG - asyncio - selector_events:64 - Using selector: KqueueSelector
2025-09-12 17:04:08,550 - DEBUG - asyncio - selector_events:64 - Using selector: KqueueSelector
2025-09-12 17:04:18,794 - DEBUG - asyncio - selector_events:64 - Using selector: KqueueSelector
2025-09-12 17:04:27,185 - DEBUG - asyncio - selector_events:64 - Using selector: KqueueSelector
2025-09-12 17:04:37,966 - DEBUG - asyncio - selector_events:64 - Using selector: KqueueSelector
2025-09-12 17:04:39,544 - DEBUG - asyncio - selector_events:64 - Using selector: KqueueSelector
2025-09-12 17:04:41,439 - DEBUG - asyncio - selector_events:64 - Using selector: KqueueSelector
2025-09-12 17:04:43,325 - DEBUG - asyncio - selector_events:64 - Using selector: KqueueSelector
2025-09-12 17:04:45,397 - DEBUG - asyncio - selector_events:64 - Using selector: KqueueSelector
2025-09-12 17:04:53,273 - DEBUG - asyncio - selector_events:64 - Using selector: KqueueSelector
2025-09-12 17:04:56,375 - DEBUG - asyncio - selector_events:64 - Using selector: KqueueSelector
2025-09-12 17:05:16,000 - DEBUG - asyncio - selector_events:64 - Using selector: KqueueSelector
2025-09-12 17:05:33,152 - DEBUG - asyncio - selector_events:64 - Using selector: KqueueSelector
2025-09-12 17:08:51,501 - DEBUG - asyncio - selector_events:64 - Using selector: KqueueSelector
2025-09-12 17:16:01,725 - DEBUG - asyncio - selector_events:64 - Using selector: KqueueSelector
2025-09-12 17:17:06,031 - DEBUG - asyncio - selector_events:64 - Using selector: KqueueSelector
2025-09-12 17:17:17,253 - DEBUG - asyncio - selector_events:64 - Using selector: KqueueSelector
2025-09-12 17:17:20,207 - DEBUG - asyncio - selector_events:64 - Using selector: KqueueSelector
2025-09-12 17:17:24,409 - DEBUG - asyncio - selector_events:64 - Using selector: KqueueSelector
2025-09-12 17:17:30,032 - DEBUG - asyncio - selector_events:64 - Using selector: KqueueSelector
2025-09-12 17:17:32,140 - DEBUG - asyncio - selector_events:64 - Using selector: KqueueSelector
2025-09-12 17:18:18,240 - DEBUG - asyncio - selector_events:64 - Using selector: KqueueSelector
2025-09-12 17:18:20,919 - DEBUG - asyncio - selector_events:64 - Using selector: KqueueSelector
2025-09-12 17:18:22,992 - DEBUG - asyncio - selector_events:64 - Using selector: KqueueSelector
2025-09-12 17:18:58,089 - DEBUG - asyncio - selector_events:64 - Using selector: KqueueSelector
2025-09-12 17:18:59,375 - DEBUG - asyncio - selector_events:64 - Using selector: KqueueSelector
2025-09-12 17:19:01,155 - DEBUG - asyncio - selector_events:64 - Using selector: KqueueSelector
2025-09-12 17:20:31,558 - DEBUG - asyncio - selector_events:64 - Using selector: KqueueSelector
2025-09-12 17:20:35,558 - DEBUG - asyncio - selector_events:64 - Using selector: KqueueSelector
2025-09-12 17:20:37,354 - DEBUG - asyncio - selector_events:64 - Using selector: KqueueSelector
2025-09-12 17:21:06,330 - DEBUG - asyncio - selector_events:64 - Using selector: KqueueSelector
2025-09-12 17:21:10,475 - DEBUG - asyncio - selector_events:64 - Using selector: KqueueSelector
2025-09-12 17:21:22,728 - DEBUG - asyncio - selector_events:64 - Using selector: KqueueSelector
2025-09-12 17:21:34,328 - DEBUG - asyncio - selector_events:64 - Using selector: KqueueSelector
2025-09-12 17:21:42,397 - DEBUG - asyncio - selector_events:64 - Using selector: KqueueSelector
2025-09-12 17:21:58,463 - DEBUG - asyncio - selector_events:64 - Using selector: KqueueSelector
2025-09-12 17:22:01,667 - DEBUG - asyncio - selector_events:64 - Using selector: KqueueSelector
2025-09-12 17:22:04,903 - DEBUG - asyncio - selector_events:64 - Using selector: KqueueSelector
2025-09-12 17:22:06,556 - DEBUG - asyncio - selector_events:64 - Using selector: KqueueSelector
2025-09-12 17:22:19,645 - DEBUG - asyncio - selector_events:64 - Using selector: KqueueSelector
2025-09-12 17:22:26,634 - DEBUG - asyncio - selector_events:64 - Using selector: KqueueSelector
2025-09-12 17:23:04,599 - DEBUG - asyncio - selector_events:64 - Using selector: KqueueSelector
2025-09-12 17:23:27,808 - DEBUG - asyncio - selector_events:64 - Using selector: KqueueSelector
2025-09-12 17:23:29,356 - DEBUG - asyncio - selector_events:64 - Using selector: KqueueSelector
2025-09-12 17:23:32,378 - DEBUG - asyncio - selector_events:64 - Using selector: KqueueSelector
2025-09-12 17:23:38,228 - DEBUG - asyncio - selector_events:64 - Using selector: KqueueSelector
2025-09-12 17:23:41,289 - DEBUG - asyncio - selector_events:64 - Using selector: KqueueSelector
2025-09-12 17:23:44,315 - DEBUG - asyncio - selector_events:64 - Using selector: KqueueSelector
2025-09-12 17:23:51,596 - DEBUG - asyncio - selector_events:64 - Using selector: KqueueSelector
2025-09-12 17:23:53,329 - DEBUG - asyncio - selector_events:64 - Using selector: KqueueSelector
2025-09-12 17:24:20,723 - DEBUG - asyncio - selector_events:64 - Using selector: KqueueSelector
2025-09-12 17:24:23,472 - DEBUG - asyncio - selector_events:64 - Using selector: KqueueSelector
2025-09-12 17:24:26,696 - DEBUG - asyncio - selector_events:64 - Using selector: KqueueSelector
2025-09-12 17:24:28,316 - DEBUG - asyncio - selector_events:64 - Using selector: KqueueSelector
2025-09-12 17:24:35,143 - DEBUG - asyncio - selector_events:64 - Using selector: KqueueSelector
2025-09-12 17:24:44,993 - DEBUG - asyncio - selector_events:64 - Using selector: KqueueSelector
2025-09-12 17:24:48,947 - DEBUG - asyncio - selector_events:64 - Using selector: KqueueSelector
2025-09-12 17:24:54,973 - DEBUG - asyncio - selector_events:64 - Using selector: KqueueSelector
2025-09-12 17:24:57,921 - DEBUG - asyncio - selector_events:64 - Using selector: KqueueSelector
2025-09-12 17:25:03,554 - DEBUG - asyncio - selector_events:64 - Using selector: KqueueSelector
2025-09-12 17:25:05,341 - DEBUG - asyncio - selector_events:64 - Using selector: KqueueSelector
2025-09-12 17:25:12,038 - DEBUG - asyncio - selector_events:64 - Using selector: KqueueSelector
2025-09-12 17:25:19,335 - DEBUG - asyncio - selector_events:64 - Using selector: KqueueSelector
2025-09-12 17:25:21,297 - DEBUG - asyncio - selector_events:64 - Using selector: KqueueSelector
2025-09-12 17:25:23,119 - DEBUG - asyncio - selector_events:64 - Using selector: KqueueSelector
2025-09-12 17:25:27,311 - DEBUG - asyncio - selector_events:64 - Using selector: KqueueSelector
2025-09-12 17:25:29,176 - DEBUG - asyncio - selector_events:64 - Using selector: KqueueSelector
2025-09-12 17:25:30,972 - DEBUG - asyncio - selector_events:64 - Using selector: KqueueSelector
2025-09-12 17:25:41,702 - DEBUG - asyncio - selector_events:64 - Using selector: KqueueSelector
2025-09-12 17:25:47,532 - DEBUG - asyncio - selector_events:64 - Using selector: KqueueSelector
2025-09-12 17:25:50,352 - DEBUG - asyncio - selector_events:64 - Using selector: KqueueSelector
2025-09-12 17:25:58,627 - INFO - root - server:230 - Task 5da30662-b1ca-41d7-a362-9c3b98dbee65: Starting generation 
2025-09-12 17:25:58,628 - INFO - root - client:38 - request running
2025-09-12 17:25:58,667 - DEBUG - urllib3.connectionpool - connectionpool:1049 - Starting new HTTPS connection (1): api.bianxie.ai:443
2025-09-12 17:26:16,606 - DEBUG - urllib3.connectionpool - connectionpool:544 - https://api.bianxie.ai:443 "POST /v1/chat/completions HTTP/1.1" 200 None
2025-09-12 17:26:16,607 - DEBUG - root - client:42 - 17.978801727294922
2025-09-12 17:26:16,609 - INFO - root - client:38 - request running
2025-09-12 17:26:16,611 - DEBUG - urllib3.connectionpool - connectionpool:1049 - Starting new HTTPS connection (1): api.bianxie.ai:443
2025-09-12 17:26:43,128 - DEBUG - urllib3.connectionpool - connectionpool:544 - https://api.bianxie.ai:443 "POST /v1/chat/completions HTTP/1.1" 200 None
2025-09-12 17:26:43,129 - DEBUG - root - client:42 - 26.5190646648407
2025-09-12 17:26:43,130 - INFO - root - server:253 - outline
2025-09-12 17:26:43,130 - INFO - root - server:254 - {'第一部 童年与性格底色：科技萌芽与价值观启蒙（第一起）': [{'chapter_number': '第一章', 'title': '北京胡同里的好奇心：拆解世界的乐趣', 'topic': '第三人称。叙述张三1980年代在北京的童年生活，重点描绘他对拆解收音机、组装电脑的早期热情。强调北京的科技氛围如何为他提供了探索的土壤，展现其天生的逻辑思维和创造欲，这是他日后科技之路的最初萌芽和性格底色的重要铺垫。'}, {'chapter_number': '第二章', 'title': '少年英才：清华园的召唤', 'topic': '第三人称。讲述张三在中学阶段的学业表现，如何凭借优异成绩考入清华大学计算机系。侧重于他选择计算机专业的内在驱动力，以及清华大学对他学术生涯的吸引力，为后续的学术成长奠定基础。'}, {'chapter_number': '第三章', 'title': '算法初探：ACM竞赛的火花', 'topic': '第一人称。详细描绘张三在大学期间参与ACM国际大学生程序设计竞赛的经历。重点展现他如何与团队协作，解决复杂算法问题，并最终获奖。强调这段经历如何塑造了他解决问题的能力和团队精神，是他早期在算法领域崭露头角的“第一起”的核心体现。'}, {'chapter_number': '第四章', 'title': '李教授的灯塔：技术与伦理的启蒙', 'topic': '第一人称。回顾张三与清华大学导师李教授的互动。重点叙述李教授不仅传授专业知识，更引导他思考科技伦理和社会责任，以及“技术是双刃剑，用之正则利国利民”这句座右铭对他产生的深远影响。这是他价值观体系的重要觉醒，为后续职业选择埋下伏笔。'}, {'chapter_number': '第五章', 'title': '象牙塔的思辨：未来之路的迷茫与坚定', 'topic': '第一人称。描绘张三在大学毕业前夕，对个人未来发展方向的思考与抉择。在技术与伦理之间，他如何平衡理想与现实，最终坚定选择投身前沿科技领域，并带着李教授的教诲，为即将到来的国际挑战做准备。'}], '第二部 国际视野与算法深耕：从工程师到核心驱动力（第一伏，第二起）': [{'chapter_number': '第六章', 'title': '初入谷歌：硅谷的震撼与挑战', 'topic': '第一人称。讲述张三大学毕业后，进入Google工作的初期经历。描述他面对国际顶尖科技公司的文化冲击、技术挑战和个人成长压力，展现他如何快速适应并融入新的环境，这是他职业生涯的“第一伏”，也是为后续“第二起”蓄力的阶段。'}, {'chapter_number': '第七章', 'title': '算法的奥秘：搜索引擎核心的攻坚战', 'topic': '第三人称。深入描绘张三在Google主导开发XXX搜索引擎核心算法的具体过程。重点展现他在大规模数据处理和算法优化方面的卓越能力，以及面对技术难题时的创新思维和坚韧不拔。这是他从学生到顶尖工程师蜕变的关键时期。'}, {'chapter_number': '第八章', 'title': '数据洪流中的突破：影响力初显', 'topic': '第一人称。叙述XXX搜索引擎核心算法成功上线后，张三获得的成就感和对技术创新巨大影响力的深刻认知。他开始意识到自己的技术能力能够改变亿万用户的生活，这是他职业生涯的“第二起”的重要标志。'}, {'chapter_number': '第九章', 'title': '国际团队的协作：跨文化沟通的艺术', 'topic': '第一人称。讲述张三在Google与来自不同国家的工程师团队协作的经历。他如何克服文化差异、语言障碍，有效地进行技术沟通与项目管理，进一步提升其综合能力和国际视野。'}, {'chapter_number': '第十章', 'title': '硅谷的哲思：技术与商业的碰撞', 'topic': '第一人称。描绘张三在Google工作期间，对技术创新与商业模式之间关系的思考。他如何看待技术在商业成功中的作用，以及如何在商业目标下保持技术的前瞻性和纯粹性。'}, {'chapter_number': '第十一章', 'title': '归国心切：故土的召唤与新的征程', 'topic': '第一人称。叙述张三在Google取得显著成就后，内心萌生回国发展的想法。他如何权衡国际舞台与国内机遇，以及对中国科技发展的信心和贡献家乡的愿望，为回国加入百度埋下伏笔。'}], '第三部 AI前沿突破：大模型时代的领航者（第二伏，第三起）': [{'chapter_number': '第十二章', 'title': '回国抉择：百度的橄榄枝与AI的未来', 'topic': '第一人称。讲述张三回国后，选择加入百度的具体过程。他如何被百度在AI领域的布局和愿景所吸引，以及他对AI大模型前景的预判，这是他职业生涯的“第二伏”，也是为迎接“第三起”做出的战略性选择。'}, {'chapter_number': '第十三章', 'title': '初探大模型：从理论到实践的鸿沟', 'topic': '第三人称。描绘张三在百度初期，面对AI大模型研发的巨大挑战。技术路线的选择、团队组建的困难、资源协调的复杂性，展现他如何带领团队克服初期障碍，奠定大模型研发基础。'}, {'chapter_number': '第十四章', 'title': '夜以继日：YYY项目的关键时刻', 'topic': '第一人称。详细叙述张三在百度主导YYY大模型项目研发期间，团队攻坚克难的经历。他如何带领团队在关键技术点上取得突破，解决核心难题，展现其作为技术领袖的决策力和执行力。'}, {'chapter_number': '第十五章', 'title': 'YYY大模型：惊艳亮相与行业震动', 'topic': '第三人称。描绘YYY大模型成功落地并公开发布后的盛况。它如何引起行业内外广泛关注，推动了AI技术在特定领域的应用，标志着张三在AI领域达到新的高峰，这是他职业生涯的“第三起”核心。'}, {'chapter_number': '第十六章', 'title': 'AI愿景：通向通用人工智能的路径', 'topic': '第一人称。深入阐述张三对AI技术未来发展的愿景，特别是他对“大模型是通往通用人工智能的重要一步”这一理念的深刻理解和坚定信念。他如何看待AI对人类社会的长远影响，以及他个人在其中的角色定位。'}, {'chapter_number': '第十七章', 'title': '首席科学家的新挑战：战略布局与人才培养', 'topic': '第三人称。讲述张三晋升为AI公司首席科学家后，职责和视野的变化。他如何从具体项目研发转向公司整体AI战略布局，以及在人才培养和团队建设方面的思考与实践，确保公司在AI领域的持续领先。'}, {'chapter_number': '第十八章', 'title': '技术布道者：公共舞台上的思考', 'topic': '第一人称。描绘张三在各大科技峰会、论坛上发表演讲，分享他对AI前沿技术和未来趋势的洞察。他如何成为AI领域的思想领袖和布道者，影响着更多人对AI的认知和理解。'}, {'chapter_number': '第十九章', 'title': '伦理边界：AI双刃剑的深层考量', 'topic': '第一人称。结合李教授的教诲，深入探讨张三在AI高速发展时期，对AI伦理和潜在风险的深层思考。他如何倡导负责任的AI发展，以及在技术创新与社会责任之间寻求平衡，这是他价值观的又一次升华。'}, {'chapter_number': '第二十章', 'title': '全球合作：构建AI命运共同体', 'topic': '第三人称。叙述张三积极参与国际AI合作项目，推动全球AI技术交流与标准制定。他如何致力于构建一个开放、共享、负责任的AI生态系统，展现其作为全球科技领袖的格局和担当。'}], '第四部 社会回馈与人文关怀：技术向善的践行者（第三伏）': [{'chapter_number': '第二十一章', 'title': '不忘初心：公益火种的延续', 'topic': '第一人称。回顾张三在职业生涯中，始终坚持参与公益事业的初心。他如何受到李教授的影响，坚信技术进步应伴随着社会责任感，并将其付诸实践，这是他人生“第三伏”中沉淀与升华的重要体现。'}, {'chapter_number': '第二十二章', 'title': '助学行动：点亮贫困学子的希望', 'topic': '第三人称。详细描绘张三多次捐款资助贫困学生的具体事例。通过受助学生的视角，展现张三的善举如何改变他们的命运，以及这些反馈如何进一步坚定张三投身公益的决心。'}, {'chapter_number': '第二十三章', 'title': 'AI赋能公益：科技与慈善的融合', 'topic': '第一人称。探讨张三如何思考将AI技术应用于公益事业，例如利用AI解决教育资源不均、医疗辅助等问题。他如何将自己的专业能力与社会责任感相结合，探索“技术向善”的更多可能性。'}, {'chapter_number': '第二十四章', 'title': '榜样的力量：影响更多科技工作者', 'topic': '第三人称。叙述张三的公益行为如何影响和带动身边的同事、朋友乃至整个科技圈，共同关注并参与社会责任实践。他如何成为科技界积极践行社会责任的榜样。'}, {'chapter_number': '第二十五章', 'title': '平衡之道：事业与公益的和谐共鸣', 'topic': '第一人称。描绘张三如何在繁忙的科技研发工作之余，平衡个人时间，持续投入公益事业。他如何看待事业成功与社会贡献之间的关系，以及公益行动如何反哺其个人成长和职业发展。'}], '第五部 思想沉淀与未来展望：超越自我，永不停歇的探索（第四起）': [{'chapter_number': '第二十六章', 'title': '回首来路：没有低谷期的哲学', 'topic': '第一人称。张三对个人成长历程的深刻反思，特别是他“没有低谷期”的人生哲学。他如何将每一次挑战都视为学习和成长的机会，而不是单纯的挫折，展现其积极乐观、不断超越自我的精神，这是他人生“第四起”的思想核心。'}, {'chapter_number': '第二十七章', 'title': '童心未泯：保持好奇与创造的源泉', 'topic': '第一人称。探讨张三如何始终保持童年时的好奇心和对世界的探索欲。他认为“童心”是创新的源泉，是他不断在科技前沿探索的内在驱动力，这是他性格中“突破性”和“叛逆”的体现。'}, {'chapter_number': '第二十八章', 'title': '基因锁的解除：对人类潜能的终极思考', 'topic': '第一人称。深入阐述张三对“解除人类基因锁”这一宏大哲学命题的思考。他如何看待AI技术在拓展人类认知边界、提升生命质量方面的潜力，以及他对人类未来演化方向的终极探索和展望。'}, {'chapter_number': '第二十九章', 'title': '对话未来：AI与人类共生的新范式', 'topic': '第一人称。张三对AI与人类未来关系的深度思考。他如何设想AI技术将如何更深层次地融入人类社会，改变我们的生活、工作和思维模式，并提出构建AI与人类和谐共生新范式的愿景。'}, {'chapter_number': '第三十章', 'title': '传承与启迪：给后来者的寄语', 'topic': '第一人称。张三作为一位科技领袖和思想家，对年轻一代科技工作者的寄语和期望。他如何鼓励年轻人保持好奇心、勇于创新、承担社会责任，继续探索未知的科技世界，将他的人生经验和哲学思想传承下去。'}]}
2025-09-12 17:26:43,133 - INFO - root - server:255 - <class 'dict'>
2025-09-12 17:26:48,134 - INFO - root - client:38 - request running
2025-09-12 17:26:48,135 - INFO - root - client:38 - request running
2025-09-12 17:26:48,136 - INFO - root - client:38 - request running
2025-09-12 17:26:48,137 - DEBUG - urllib3.connectionpool - connectionpool:1049 - Starting new HTTPS connection (1): api.bianxie.ai:443
2025-09-12 17:26:48,137 - INFO - root - client:38 - request running
2025-09-12 17:26:48,137 - DEBUG - urllib3.connectionpool - connectionpool:1049 - Starting new HTTPS connection (1): api.bianxie.ai:443
2025-09-12 17:26:48,137 - INFO - root - client:38 - request running
2025-09-12 17:26:48,138 - DEBUG - urllib3.connectionpool - connectionpool:1049 - Starting new HTTPS connection (1): api.bianxie.ai:443
2025-09-12 17:26:48,138 - INFO - root - client:38 - request running
2025-09-12 17:26:48,139 - INFO - root - client:38 - request running
2025-09-12 17:26:48,139 - DEBUG - urllib3.connectionpool - connectionpool:1049 - Starting new HTTPS connection (1): api.bianxie.ai:443
2025-09-12 17:26:48,139 - INFO - root - client:38 - request running
2025-09-12 17:26:48,140 - INFO - root - client:38 - request running
2025-09-12 17:26:48,141 - INFO - root - client:38 - request running
2025-09-12 17:26:48,142 - INFO - root - client:38 - request running
2025-09-12 17:26:48,142 - DEBUG - urllib3.connectionpool - connectionpool:1049 - Starting new HTTPS connection (1): api.bianxie.ai:443
2025-09-12 17:26:48,142 - DEBUG - urllib3.connectionpool - connectionpool:1049 - Starting new HTTPS connection (1): api.bianxie.ai:443
2025-09-12 17:26:48,142 - INFO - root - client:38 - request running
2025-09-12 17:26:48,145 - DEBUG - urllib3.connectionpool - connectionpool:1049 - Starting new HTTPS connection (1): api.bianxie.ai:443
2025-09-12 17:26:48,146 - DEBUG - urllib3.connectionpool - connectionpool:1049 - Starting new HTTPS connection (1): api.bianxie.ai:443
2025-09-12 17:26:48,147 - DEBUG - urllib3.connectionpool - connectionpool:1049 - Starting new HTTPS connection (1): api.bianxie.ai:443
2025-09-12 17:26:48,148 - DEBUG - urllib3.connectionpool - connectionpool:1049 - Starting new HTTPS connection (1): api.bianxie.ai:443
2025-09-12 17:26:48,148 - DEBUG - urllib3.connectionpool - connectionpool:1049 - Starting new HTTPS connection (1): api.bianxie.ai:443
2025-09-12 17:26:48,149 - DEBUG - urllib3.connectionpool - connectionpool:1049 - Starting new HTTPS connection (1): api.bianxie.ai:443
2025-09-12 17:27:02,876 - DEBUG - urllib3.connectionpool - connectionpool:544 - https://api.bianxie.ai:443 "POST /v1/chat/completions HTTP/1.1" 200 None
2025-09-12 17:27:02,877 - DEBUG - root - client:42 - 14.736405849456787
2025-09-12 17:27:02,879 - INFO - root - client:38 - request running
2025-09-12 17:27:02,881 - DEBUG - urllib3.connectionpool - connectionpool:1049 - Starting new HTTPS connection (1): api.bianxie.ai:443
2025-09-12 17:27:03,209 - DEBUG - urllib3.connectionpool - connectionpool:544 - https://api.bianxie.ai:443 "POST /v1/chat/completions HTTP/1.1" 200 None
2025-09-12 17:27:03,209 - DEBUG - root - client:42 - 15.064106941223145
2025-09-12 17:27:03,210 - INFO - root - client:38 - request running
2025-09-12 17:27:03,211 - DEBUG - urllib3.connectionpool - connectionpool:1049 - Starting new HTTPS connection (1): api.bianxie.ai:443
2025-09-12 17:27:03,917 - DEBUG - urllib3.connectionpool - connectionpool:544 - https://api.bianxie.ai:443 "POST /v1/chat/completions HTTP/1.1" 200 None
2025-09-12 17:27:03,918 - DEBUG - root - client:42 - 15.76997709274292
2025-09-12 17:27:03,921 - INFO - root - client:38 - request running
2025-09-12 17:27:03,923 - DEBUG - urllib3.connectionpool - connectionpool:1049 - Starting new HTTPS connection (1): api.bianxie.ai:443
2025-09-12 17:27:04,026 - DEBUG - urllib3.connectionpool - connectionpool:544 - https://api.bianxie.ai:443 "POST /v1/chat/completions HTTP/1.1" 200 None
2025-09-12 17:27:04,027 - DEBUG - root - client:42 - 15.891757011413574
2025-09-12 17:27:04,029 - INFO - root - client:38 - request running
2025-09-12 17:27:04,030 - DEBUG - urllib3.connectionpool - connectionpool:1049 - Starting new HTTPS connection (1): api.bianxie.ai:443
2025-09-12 17:27:05,459 - DEBUG - urllib3.connectionpool - connectionpool:544 - https://api.bianxie.ai:443 "POST /v1/chat/completions HTTP/1.1" 200 None
2025-09-12 17:27:05,459 - DEBUG - root - client:42 - 17.31903100013733
2025-09-12 17:27:05,461 - INFO - root - client:38 - request running
2025-09-12 17:27:05,462 - DEBUG - urllib3.connectionpool - connectionpool:1049 - Starting new HTTPS connection (1): api.bianxie.ai:443
2025-09-12 17:27:05,864 - DEBUG - urllib3.connectionpool - connectionpool:544 - https://api.bianxie.ai:443 "POST /v1/chat/completions HTTP/1.1" 200 None
2025-09-12 17:27:05,864 - DEBUG - root - client:42 - 17.726190090179443
2025-09-12 17:27:05,866 - INFO - root - client:38 - request running
2025-09-12 17:27:05,867 - DEBUG - urllib3.connectionpool - connectionpool:1049 - Starting new HTTPS connection (1): api.bianxie.ai:443
2025-09-12 17:27:06,255 - DEBUG - urllib3.connectionpool - connectionpool:544 - https://api.bianxie.ai:443 "POST /v1/chat/completions HTTP/1.1" 200 None
2025-09-12 17:27:06,255 - DEBUG - root - client:42 - 18.109997987747192
2025-09-12 17:27:06,257 - INFO - root - client:38 - request running
2025-09-12 17:27:06,258 - DEBUG - urllib3.connectionpool - connectionpool:1049 - Starting new HTTPS connection (1): api.bianxie.ai:443
2025-09-12 17:27:06,336 - DEBUG - urllib3.connectionpool - connectionpool:544 - https://api.bianxie.ai:443 "POST /v1/chat/completions HTTP/1.1" 200 None
2025-09-12 17:27:06,336 - DEBUG - root - client:42 - 18.20167899131775
2025-09-12 17:27:06,337 - INFO - root - client:38 - request running
2025-09-12 17:27:06,339 - DEBUG - urllib3.connectionpool - connectionpool:1049 - Starting new HTTPS connection (1): api.bianxie.ai:443
2025-09-12 17:27:06,783 - DEBUG - urllib3.connectionpool - connectionpool:544 - https://api.bianxie.ai:443 "POST /v1/chat/completions HTTP/1.1" 200 None
2025-09-12 17:27:06,783 - DEBUG - root - client:42 - 18.64684510231018
2025-09-12 17:27:06,784 - INFO - root - client:38 - request running
2025-09-12 17:27:06,786 - DEBUG - urllib3.connectionpool - connectionpool:1049 - Starting new HTTPS connection (1): api.bianxie.ai:443
2025-09-12 17:27:07,900 - DEBUG - urllib3.connectionpool - connectionpool:544 - https://api.bianxie.ai:443 "POST /v1/chat/completions HTTP/1.1" 200 None
2025-09-12 17:27:07,900 - DEBUG - root - client:42 - 19.75398087501526
2025-09-12 17:27:07,902 - INFO - root - client:38 - request running
2025-09-12 17:27:07,903 - DEBUG - urllib3.connectionpool - connectionpool:1049 - Starting new HTTPS connection (1): api.bianxie.ai:443
2025-09-12 17:27:09,175 - DEBUG - urllib3.connectionpool - connectionpool:544 - https://api.bianxie.ai:443 "POST /v1/chat/completions HTTP/1.1" 200 None
2025-09-12 17:27:09,175 - DEBUG - root - client:42 - 21.035764932632446
2025-09-12 17:27:09,176 - INFO - root - client:38 - request running
2025-09-12 17:27:09,177 - DEBUG - urllib3.connectionpool - connectionpool:1049 - Starting new HTTPS connection (1): api.bianxie.ai:443
2025-09-12 17:27:17,213 - DEBUG - urllib3.connectionpool - connectionpool:544 - https://api.bianxie.ai:443 "POST /v1/chat/completions HTTP/1.1" 200 None
2025-09-12 17:27:17,214 - DEBUG - root - client:42 - 13.293215036392212
2025-09-12 17:27:17,217 - INFO - root - client:38 - request running
2025-09-12 17:27:17,218 - DEBUG - urllib3.connectionpool - connectionpool:1049 - Starting new HTTPS connection (1): api.bianxie.ai:443
2025-09-12 17:27:17,748 - DEBUG - urllib3.connectionpool - connectionpool:544 - https://api.bianxie.ai:443 "POST /v1/chat/completions HTTP/1.1" 200 None
2025-09-12 17:27:17,749 - DEBUG - root - client:42 - 29.60176420211792
2025-09-12 17:27:17,750 - INFO - root - client:38 - request running
2025-09-12 17:27:17,751 - DEBUG - urllib3.connectionpool - connectionpool:1049 - Starting new HTTPS connection (1): api.bianxie.ai:443
2025-09-12 17:27:18,267 - DEBUG - urllib3.connectionpool - connectionpool:544 - https://api.bianxie.ai:443 "POST /v1/chat/completions HTTP/1.1" 200 None
2025-09-12 17:27:18,268 - DEBUG - root - client:42 - 14.238738059997559
2025-09-12 17:27:18,269 - INFO - root - client:38 - request running
2025-09-12 17:27:18,270 - DEBUG - urllib3.connectionpool - connectionpool:1049 - Starting new HTTPS connection (1): api.bianxie.ai:443
2025-09-12 17:27:19,214 - DEBUG - urllib3.connectionpool - connectionpool:544 - https://api.bianxie.ai:443 "POST /v1/chat/completions HTTP/1.1" 200 None
2025-09-12 17:27:19,215 - DEBUG - root - client:42 - 13.753837823867798
2025-09-12 17:27:19,216 - INFO - root - client:38 - request running
2025-09-12 17:27:19,217 - DEBUG - urllib3.connectionpool - connectionpool:1049 - Starting new HTTPS connection (1): api.bianxie.ai:443
2025-09-12 17:27:19,670 - DEBUG - urllib3.connectionpool - connectionpool:544 - https://api.bianxie.ai:443 "POST /v1/chat/completions HTTP/1.1" 200 None
2025-09-12 17:27:19,671 - DEBUG - root - client:42 - 13.804742813110352
2025-09-12 17:27:19,672 - INFO - root - client:38 - request running
2025-09-12 17:27:19,673 - DEBUG - urllib3.connectionpool - connectionpool:1049 - Starting new HTTPS connection (1): api.bianxie.ai:443
2025-09-12 17:27:19,691 - DEBUG - urllib3.connectionpool - connectionpool:544 - https://api.bianxie.ai:443 "POST /v1/chat/completions HTTP/1.1" 200 None
2025-09-12 17:27:19,691 - DEBUG - root - client:42 - 13.353631973266602
2025-09-12 17:27:19,692 - INFO - root - client:38 - request running
2025-09-12 17:27:19,694 - DEBUG - urllib3.connectionpool - connectionpool:1049 - Starting new HTTPS connection (1): api.bianxie.ai:443
2025-09-12 17:27:20,073 - DEBUG - urllib3.connectionpool - connectionpool:544 - https://api.bianxie.ai:443 "POST /v1/chat/completions HTTP/1.1" 200 None
2025-09-12 17:27:20,079 - DEBUG - root - client:42 - 17.198819160461426
2025-09-12 17:27:20,080 - INFO - root - client:38 - request running
2025-09-12 17:27:20,081 - DEBUG - urllib3.connectionpool - connectionpool:1049 - Starting new HTTPS connection (1): api.bianxie.ai:443
2025-09-12 17:27:20,388 - DEBUG - urllib3.connectionpool - connectionpool:544 - https://api.bianxie.ai:443 "POST /v1/chat/completions HTTP/1.1" 200 None
2025-09-12 17:27:20,388 - DEBUG - root - client:42 - 17.177510261535645
2025-09-12 17:27:20,389 - INFO - root - client:38 - request running
2025-09-12 17:27:20,390 - DEBUG - urllib3.connectionpool - connectionpool:1049 - Starting new HTTPS connection (1): api.bianxie.ai:443
2025-09-12 17:27:20,444 - DEBUG - urllib3.connectionpool - connectionpool:544 - https://api.bianxie.ai:443 "POST /v1/chat/completions HTTP/1.1" 200 None
2025-09-12 17:27:20,444 - DEBUG - root - client:42 - 13.659578323364258
2025-09-12 17:27:20,445 - INFO - root - client:38 - request running
2025-09-12 17:27:20,446 - DEBUG - urllib3.connectionpool - connectionpool:1049 - Starting new HTTPS connection (1): api.bianxie.ai:443
2025-09-12 17:27:23,102 - DEBUG - urllib3.connectionpool - connectionpool:544 - https://api.bianxie.ai:443 "POST /v1/chat/completions HTTP/1.1" 200 None
2025-09-12 17:27:23,103 - DEBUG - root - client:42 - 16.846100091934204
2025-09-12 17:27:23,104 - INFO - root - client:38 - request running
2025-09-12 17:27:23,105 - DEBUG - urllib3.connectionpool - connectionpool:1049 - Starting new HTTPS connection (1): api.bianxie.ai:443
2025-09-12 17:27:24,622 - DEBUG - urllib3.connectionpool - connectionpool:544 - https://api.bianxie.ai:443 "POST /v1/chat/completions HTTP/1.1" 200 None
2025-09-12 17:27:24,622 - DEBUG - root - client:42 - 16.72066593170166
2025-09-12 17:27:24,624 - INFO - root - client:38 - request running
2025-09-12 17:27:24,625 - DEBUG - urllib3.connectionpool - connectionpool:1049 - Starting new HTTPS connection (1): api.bianxie.ai:443
2025-09-12 17:27:25,142 - DEBUG - urllib3.connectionpool - connectionpool:544 - https://api.bianxie.ai:443 "POST /v1/chat/completions HTTP/1.1" 200 None
2025-09-12 17:27:25,142 - DEBUG - root - client:42 - 15.965422868728638
2025-09-12 17:27:25,144 - INFO - root - client:38 - request running
2025-09-12 17:27:25,144 - DEBUG - urllib3.connectionpool - connectionpool:1049 - Starting new HTTPS connection (1): api.bianxie.ai:443
2025-09-12 17:27:29,825 - DEBUG - urllib3.connectionpool - connectionpool:544 - https://api.bianxie.ai:443 "POST /v1/chat/completions HTTP/1.1" 200 None
2025-09-12 17:27:29,826 - DEBUG - root - client:42 - 9.380611658096313
2025-09-12 17:27:29,828 - INFO - root - client:38 - request running
2025-09-12 17:27:29,829 - DEBUG - urllib3.connectionpool - connectionpool:1049 - Starting new HTTPS connection (1): api.bianxie.ai:443
2025-09-12 17:27:33,942 - DEBUG - urllib3.connectionpool - connectionpool:544 - https://api.bianxie.ai:443 "POST /v1/chat/completions HTTP/1.1" 200 None
2025-09-12 17:27:33,942 - DEBUG - root - client:42 - 14.725969076156616
2025-09-12 17:27:33,944 - INFO - root - client:38 - request running
2025-09-12 17:27:33,945 - DEBUG - urllib3.connectionpool - connectionpool:1049 - Starting new HTTPS connection (1): api.bianxie.ai:443
2025-09-12 17:27:34,162 - DEBUG - urllib3.connectionpool - connectionpool:544 - https://api.bianxie.ai:443 "POST /v1/chat/completions HTTP/1.1" 200 None
2025-09-12 17:27:34,162 - DEBUG - root - client:42 - 16.945542812347412
2025-09-12 17:27:34,164 - INFO - root - client:38 - request running
2025-09-12 17:27:34,165 - DEBUG - urllib3.connectionpool - connectionpool:1049 - Starting new HTTPS connection (1): api.bianxie.ai:443
2025-09-12 17:27:34,636 - DEBUG - urllib3.connectionpool - connectionpool:544 - https://api.bianxie.ai:443 "POST /v1/chat/completions HTTP/1.1" 200 None
2025-09-12 17:27:34,636 - DEBUG - root - client:42 - 14.94363808631897
2025-09-12 17:27:34,638 - INFO - root - client:38 - request running
2025-09-12 17:27:34,639 - DEBUG - urllib3.connectionpool - connectionpool:1049 - Starting new HTTPS connection (1): api.bianxie.ai:443
2025-09-12 17:27:34,873 - DEBUG - urllib3.connectionpool - connectionpool:544 - https://api.bianxie.ai:443 "POST /v1/chat/completions HTTP/1.1" 200 None
2025-09-12 17:27:34,873 - DEBUG - root - client:42 - 14.484004259109497
2025-09-12 17:27:34,875 - INFO - root - client:38 - request running
2025-09-12 17:27:34,876 - DEBUG - urllib3.connectionpool - connectionpool:1049 - Starting new HTTPS connection (1): api.bianxie.ai:443
2025-09-12 17:27:35,077 - DEBUG - urllib3.connectionpool - connectionpool:544 - https://api.bianxie.ai:443 "POST /v1/chat/completions HTTP/1.1" 200 None
2025-09-12 17:27:35,077 - DEBUG - root - client:42 - 15.405229091644287
2025-09-12 17:27:35,078 - INFO - root - client:38 - request running
2025-09-12 17:27:35,079 - DEBUG - urllib3.connectionpool - connectionpool:1049 - Starting new HTTPS connection (1): api.bianxie.ai:443
2025-09-12 17:27:35,513 - DEBUG - urllib3.connectionpool - connectionpool:544 - https://api.bianxie.ai:443 "POST /v1/chat/completions HTTP/1.1" 200 None
2025-09-12 17:27:35,513 - DEBUG - root - client:42 - 10.888695001602173
2025-09-12 17:27:35,514 - INFO - root - client:38 - request running
2025-09-12 17:27:35,515 - DEBUG - urllib3.connectionpool - connectionpool:1049 - Starting new HTTPS connection (1): api.bianxie.ai:443
2025-09-12 17:27:36,888 - DEBUG - urllib3.connectionpool - connectionpool:544 - https://api.bianxie.ai:443 "POST /v1/chat/completions HTTP/1.1" 200 None
2025-09-12 17:27:36,889 - DEBUG - root - client:42 - 16.808518886566162
2025-09-12 17:27:36,890 - INFO - root - client:38 - request running
2025-09-12 17:27:36,891 - DEBUG - urllib3.connectionpool - connectionpool:1049 - Starting new HTTPS connection (1): api.bianxie.ai:443
2025-09-12 17:27:37,204 - DEBUG - urllib3.connectionpool - connectionpool:544 - https://api.bianxie.ai:443 "POST /v1/chat/completions HTTP/1.1" 200 None
2025-09-12 17:27:37,204 - DEBUG - urllib3.connectionpool - connectionpool:544 - https://api.bianxie.ai:443 "POST /v1/chat/completions HTTP/1.1" 200 None
2025-09-12 17:27:37,205 - DEBUG - root - client:42 - 12.061209201812744
2025-09-12 17:27:37,205 - DEBUG - root - client:42 - 14.100615739822388
2025-09-12 17:27:37,208 - INFO - root - client:38 - request running
2025-09-12 17:27:37,208 - INFO - root - client:38 - request running
2025-09-12 17:27:37,209 - DEBUG - urllib3.connectionpool - connectionpool:1049 - Starting new HTTPS connection (1): api.bianxie.ai:443
2025-09-12 17:27:37,209 - DEBUG - urllib3.connectionpool - connectionpool:1049 - Starting new HTTPS connection (1): api.bianxie.ai:443
2025-09-12 17:27:38,177 - DEBUG - urllib3.connectionpool - connectionpool:544 - https://api.bianxie.ai:443 "POST /v1/chat/completions HTTP/1.1" 200 None
2025-09-12 17:27:38,177 - DEBUG - root - client:42 - 20.426661014556885
2025-09-12 17:27:38,178 - INFO - root - client:38 - request running
2025-09-12 17:27:38,179 - DEBUG - urllib3.connectionpool - connectionpool:1049 - Starting new HTTPS connection (1): api.bianxie.ai:443
2025-09-12 17:27:40,526 - DEBUG - urllib3.connectionpool - connectionpool:544 - https://api.bianxie.ai:443 "POST /v1/chat/completions HTTP/1.1" 200 None
2025-09-12 17:27:40,526 - DEBUG - root - client:42 - 22.25697088241577
2025-09-12 17:27:40,528 - INFO - root - client:38 - request running
2025-09-12 17:27:40,529 - DEBUG - urllib3.connectionpool - connectionpool:1049 - Starting new HTTPS connection (1): api.bianxie.ai:443
2025-09-12 17:27:43,024 - DEBUG - asyncio - selector_events:64 - Using selector: KqueueSelector
2025-09-12 17:27:44,550 - DEBUG - asyncio - selector_events:64 - Using selector: KqueueSelector
2025-09-12 17:27:48,766 - DEBUG - asyncio - selector_events:64 - Using selector: KqueueSelector
2025-09-12 17:27:50,556 - DEBUG - asyncio - selector_events:64 - Using selector: KqueueSelector
2025-09-12 17:28:35,074 - DEBUG - asyncio - selector_events:64 - Using selector: KqueueSelector
2025-09-12 17:28:36,592 - DEBUG - asyncio - selector_events:64 - Using selector: KqueueSelector
2025-09-12 17:28:46,110 - DEBUG - asyncio - selector_events:64 - Using selector: KqueueSelector
2025-09-12 17:29:21,687 - DEBUG - asyncio - selector_events:64 - Using selector: KqueueSelector
2025-09-12 17:29:23,343 - DEBUG - asyncio - selector_events:64 - Using selector: KqueueSelector
2025-09-12 17:29:27,508 - DEBUG - asyncio - selector_events:64 - Using selector: KqueueSelector
2025-09-12 17:29:29,309 - DEBUG - asyncio - selector_events:64 - Using selector: KqueueSelector
2025-09-12 17:29:35,065 - DEBUG - asyncio - selector_events:64 - Using selector: KqueueSelector
2025-09-12 17:31:07,990 - DEBUG - asyncio - selector_events:64 - Using selector: KqueueSelector
2025-09-12 17:31:11,951 - DEBUG - asyncio - selector_events:64 - Using selector: KqueueSelector
2025-09-12 17:31:17,994 - DEBUG - asyncio - selector_events:64 - Using selector: KqueueSelector
2025-09-12 17:31:19,722 - DEBUG - asyncio - selector_events:64 - Using selector: KqueueSelector
2025-09-12 17:31:22,838 - DEBUG - asyncio - selector_events:64 - Using selector: KqueueSelector
2025-09-12 17:31:41,447 - DEBUG - asyncio - selector_events:64 - Using selector: KqueueSelector
2025-09-12 17:31:47,214 - DEBUG - asyncio - selector_events:64 - Using selector: KqueueSelector
2025-09-12 17:32:46,252 - DEBUG - asyncio - selector_events:64 - Using selector: KqueueSelector
2025-09-12 17:33:14,445 - DEBUG - asyncio - selector_events:64 - Using selector: KqueueSelector
2025-09-12 17:33:17,368 - DEBUG - asyncio - selector_events:64 - Using selector: KqueueSelector
2025-09-12 17:33:23,161 - DEBUG - asyncio - selector_events:64 - Using selector: KqueueSelector
2025-09-12 17:33:37,403 - DEBUG - asyncio - selector_events:64 - Using selector: KqueueSelector
2025-09-12 17:33:44,203 - DEBUG - asyncio - selector_events:64 - Using selector: KqueueSelector
2025-09-12 17:33:47,203 - DEBUG - asyncio - selector_events:64 - Using selector: KqueueSelector
2025-09-12 17:33:57,004 - DEBUG - asyncio - selector_events:64 - Using selector: KqueueSelector
2025-09-12 17:33:58,759 - DEBUG - asyncio - selector_events:64 - Using selector: KqueueSelector
2025-09-12 17:34:01,686 - DEBUG - asyncio - selector_events:64 - Using selector: KqueueSelector
2025-09-12 17:34:05,828 - DEBUG - asyncio - selector_events:64 - Using selector: KqueueSelector
2025-09-12 17:34:19,083 - DEBUG - asyncio - selector_events:64 - Using selector: KqueueSelector
2025-09-12 17:34:38,178 - DEBUG - asyncio - selector_events:64 - Using selector: KqueueSelector
2025-09-12 17:34:40,907 - DEBUG - asyncio - selector_events:64 - Using selector: KqueueSelector
2025-09-12 17:34:47,027 - DEBUG - asyncio - selector_events:64 - Using selector: KqueueSelector
2025-09-12 17:34:50,167 - DEBUG - asyncio - selector_events:64 - Using selector: KqueueSelector
2025-09-12 17:34:54,513 - DEBUG - asyncio - selector_events:64 - Using selector: KqueueSelector
2025-09-12 17:35:09,661 - DEBUG - asyncio - selector_events:64 - Using selector: KqueueSelector
2025-09-12 17:35:11,390 - DEBUG - asyncio - selector_events:64 - Using selector: KqueueSelector
2025-09-12 17:35:23,044 - DEBUG - asyncio - selector_events:64 - Using selector: KqueueSelector
2025-09-12 17:35:27,616 - DEBUG - asyncio - selector_events:64 - Using selector: KqueueSelector
2025-09-12 17:35:35,640 - DEBUG - asyncio - selector_events:64 - Using selector: KqueueSelector
2025-09-12 17:35:43,690 - DEBUG - asyncio - selector_events:64 - Using selector: KqueueSelector
2025-09-12 17:35:47,831 - DEBUG - asyncio - selector_events:64 - Using selector: KqueueSelector
2025-09-12 17:35:56,990 - DEBUG - asyncio - selector_events:64 - Using selector: KqueueSelector
2025-09-12 17:36:01,148 - DEBUG - asyncio - selector_events:64 - Using selector: KqueueSelector
2025-09-12 17:36:08,068 - DEBUG - asyncio - selector_events:64 - Using selector: KqueueSelector
2025-09-12 17:36:14,427 - DEBUG - asyncio - selector_events:64 - Using selector: KqueueSelector
2025-09-12 17:36:18,926 - DEBUG - asyncio - selector_events:64 - Using selector: KqueueSelector
2025-09-12 17:36:24,647 - DEBUG - asyncio - selector_events:64 - Using selector: KqueueSelector
2025-09-12 17:36:26,507 - DEBUG - asyncio - selector_events:64 - Using selector: KqueueSelector
2025-09-12 17:36:30,889 - DEBUG - asyncio - selector_events:64 - Using selector: KqueueSelector
2025-09-12 17:36:40,046 - DEBUG - asyncio - selector_events:64 - Using selector: KqueueSelector
2025-09-12 17:51:20,282 - DEBUG - asyncio - selector_events:64 - Using selector: KqueueSelector
2025-09-12 17:51:21,826 - DEBUG - asyncio - selector_events:64 - Using selector: KqueueSelector
2025-09-12 17:51:40,727 - DEBUG - asyncio - selector_events:64 - Using selector: KqueueSelector
2025-09-12 17:52:16,420 - INFO - root - client:38 - request running
2025-09-12 17:52:16,440 - DEBUG - urllib3.connectionpool - connectionpool:1049 - Starting new HTTPS connection (1): api.bianxie.ai:443
2025-09-12 17:52:24,686 - DEBUG - urllib3.connectionpool - connectionpool:544 - https://api.bianxie.ai:443 "POST /v1/chat/completions HTTP/1.1" 200 675
2025-09-12 17:52:24,687 - DEBUG - root - client:42 - 8.266375064849854
2025-09-12 17:53:57,437 - DEBUG - asyncio - selector_events:64 - Using selector: KqueueSelector
2025-09-12 17:54:03,068 - DEBUG - asyncio - selector_events:64 - Using selector: KqueueSelector
2025-09-12 17:55:51,811 - INFO - root - client:38 - request running
2025-09-12 17:55:51,824 - DEBUG - urllib3.connectionpool - connectionpool:1049 - Starting new HTTPS connection (1): api.bianxie.ai:443
2025-09-12 17:55:59,512 - DEBUG - urllib3.connectionpool - connectionpool:544 - https://api.bianxie.ai:443 "POST /v1/chat/completions HTTP/1.1" 200 490
2025-09-12 17:55:59,513 - DEBUG - root - client:42 - 7.7009007930755615
2025-09-12 18:02:44,898 - DEBUG - asyncio - selector_events:64 - Using selector: KqueueSelector
2025-09-12 18:02:52,923 - DEBUG - asyncio - selector_events:64 - Using selector: KqueueSelector
2025-09-12 18:02:55,801 - DEBUG - asyncio - selector_events:64 - Using selector: KqueueSelector
2025-09-12 18:02:57,936 - DEBUG - asyncio - selector_events:64 - Using selector: KqueueSelector
2025-09-12 18:03:00,797 - DEBUG - asyncio - selector_events:64 - Using selector: KqueueSelector
2025-09-12 18:03:06,484 - DEBUG - asyncio - selector_events:64 - Using selector: KqueueSelector
2025-09-12 18:03:12,041 - DEBUG - asyncio - selector_events:64 - Using selector: KqueueSelector
2025-09-12 18:03:20,381 - DEBUG - asyncio - selector_events:64 - Using selector: KqueueSelector
2025-09-12 18:03:22,045 - DEBUG - asyncio - selector_events:64 - Using selector: KqueueSelector
2025-09-12 18:03:26,271 - DEBUG - asyncio - selector_events:64 - Using selector: KqueueSelector
2025-09-12 18:03:30,519 - DEBUG - asyncio - selector_events:64 - Using selector: KqueueSelector
2025-09-12 18:03:49,425 - DEBUG - asyncio - selector_events:64 - Using selector: KqueueSelector
2025-09-12 18:03:52,118 - DEBUG - asyncio - selector_events:64 - Using selector: KqueueSelector
2025-09-12 18:03:54,113 - DEBUG - asyncio - selector_events:64 - Using selector: KqueueSelector
2025-09-12 18:03:58,348 - DEBUG - asyncio - selector_events:64 - Using selector: KqueueSelector
2025-09-12 18:04:10,070 - DEBUG - asyncio - selector_events:64 - Using selector: KqueueSelector
2025-09-12 18:04:33,356 - DEBUG - asyncio - selector_events:64 - Using selector: KqueueSelector
2025-09-12 18:04:37,291 - DEBUG - asyncio - selector_events:64 - Using selector: KqueueSelector
2025-09-12 18:04:43,378 - DEBUG - asyncio - selector_events:64 - Using selector: KqueueSelector
2025-09-12 18:04:45,132 - DEBUG - asyncio - selector_events:64 - Using selector: KqueueSelector
2025-09-12 18:04:46,997 - DEBUG - asyncio - selector_events:64 - Using selector: KqueueSelector
2025-09-12 18:05:05,235 - DEBUG - asyncio - selector_events:64 - Using selector: KqueueSelector
2025-09-12 18:05:09,719 - DEBUG - asyncio - selector_events:64 - Using selector: KqueueSelector
2025-09-12 18:05:13,951 - DEBUG - asyncio - selector_events:64 - Using selector: KqueueSelector
2025-09-12 18:05:26,880 - DEBUG - asyncio - selector_events:64 - Using selector: KqueueSelector
2025-09-12 18:05:35,511 - DEBUG - asyncio - selector_events:64 - Using selector: KqueueSelector
2025-09-12 18:05:41,467 - DEBUG - asyncio - selector_events:64 - Using selector: KqueueSelector
2025-09-12 18:05:43,132 - DEBUG - asyncio - selector_events:64 - Using selector: KqueueSelector
2025-09-12 18:05:45,096 - DEBUG - asyncio - selector_events:64 - Using selector: KqueueSelector
2025-09-12 18:05:48,136 - DEBUG - asyncio - selector_events:64 - Using selector: KqueueSelector
2025-09-12 18:06:04,494 - DEBUG - asyncio - selector_events:64 - Using selector: KqueueSelector
2025-09-12 18:06:08,565 - DEBUG - asyncio - selector_events:64 - Using selector: KqueueSelector
2025-09-12 18:06:10,381 - DEBUG - asyncio - selector_events:64 - Using selector: KqueueSelector
2025-09-12 18:06:15,106 - DEBUG - asyncio - selector_events:64 - Using selector: KqueueSelector
2025-09-12 18:06:19,285 - DEBUG - asyncio - selector_events:64 - Using selector: KqueueSelector
2025-09-12 18:06:28,035 - DEBUG - asyncio - selector_events:64 - Using selector: KqueueSelector
2025-09-12 18:06:29,885 - DEBUG - asyncio - selector_events:64 - Using selector: KqueueSelector
2025-09-12 18:06:32,160 - DEBUG - asyncio - selector_events:64 - Using selector: KqueueSelector
2025-09-12 18:16:44,482 - DEBUG - asyncio - selector_events:64 - Using selector: KqueueSelector
2025-09-12 18:16:46,099 - DEBUG - asyncio - selector_events:64 - Using selector: KqueueSelector
2025-09-12 18:16:52,561 - DEBUG - asyncio - selector_events:64 - Using selector: KqueueSelector
2025-09-12 18:17:18,063 - DEBUG - asyncio - selector_events:64 - Using selector: KqueueSelector
2025-09-12 18:17:31,709 - DEBUG - asyncio - selector_events:64 - Using selector: KqueueSelector
2025-09-12 18:18:13,377 - DEBUG - asyncio - selector_events:64 - Using selector: KqueueSelector
2025-09-12 18:18:17,584 - DEBUG - asyncio - selector_events:64 - Using selector: KqueueSelector
2025-09-12 18:18:23,676 - DEBUG - asyncio - selector_events:64 - Using selector: KqueueSelector
2025-09-12 18:18:25,939 - DEBUG - asyncio - selector_events:64 - Using selector: KqueueSelector
2025-09-12 18:18:27,761 - DEBUG - asyncio - selector_events:64 - Using selector: KqueueSelector
2025-09-12 18:18:33,613 - DEBUG - asyncio - selector_events:64 - Using selector: KqueueSelector
2025-09-12 18:18:35,477 - DEBUG - asyncio - selector_events:64 - Using selector: KqueueSelector
2025-09-12 18:18:38,511 - DEBUG - asyncio - selector_events:64 - Using selector: KqueueSelector
2025-09-12 18:18:40,331 - DEBUG - asyncio - selector_events:64 - Using selector: KqueueSelector
2025-09-12 18:18:44,520 - DEBUG - asyncio - selector_events:64 - Using selector: KqueueSelector
2025-09-12 18:18:47,769 - DEBUG - asyncio - selector_events:64 - Using selector: KqueueSelector
2025-09-12 18:20:01,168 - DEBUG - asyncio - selector_events:64 - Using selector: KqueueSelector
2025-09-12 18:20:15,224 - DEBUG - asyncio - selector_events:64 - Using selector: KqueueSelector
